[  2%] [34m[1mGenerating C code for ROS interfaces[0m
[  5%] [34m[1mGenerating C++ code for ROS interfaces[0m
[  5%] Built target ament_cmake_python_copy_nav2_sms_behavior
Traceback (most recent call last):
  File "/opt/ros/humble/share/rosidl_generator_c/cmake/../../../lib/rosidl_generator_c/rosidl_generator_c", line 8, in <module>
    from rosidl_generator_c import generate_c
ModuleNotFoundError: No module named 'rosidl_generator_c'
gmake[2]: *** [CMakeFiles/nav2_sms_behavior__rosidl_generator_c.dir/build.make:124: rosidl_generator_c/nav2_sms_behavior/action/send_sms.h] Error 1
gmake[1]: *** [CMakeFiles/Makefile2:214: CMakeFiles/nav2_sms_behavior__rosidl_generator_c.dir/all] Error 2
gmake[1]: *** Waiting for unfinished jobs....
Traceback (most recent call last):
  File "/opt/ros/humble/share/rosidl_generator_cpp/cmake/../../../lib/rosidl_generator_cpp/rosidl_generator_cpp", line 8, in <module>
    from rosidl_generator_cpp import generate_cpp
ModuleNotFoundError: No module named 'rosidl_generator_cpp'
gmake[2]: *** [CMakeFiles/nav2_sms_behavior__cpp.dir/build.make:128: rosidl_generator_cpp/nav2_sms_behavior/action/send_sms.hpp] Error 1
gmake[1]: *** [CMakeFiles/Makefile2:267: CMakeFiles/nav2_sms_behavior__cpp.dir/all] Error 2
running egg_info
creating nav2_sms_behavior.egg-info
writing nav2_sms_behavior.egg-info/PKG-INFO
writing dependency_links to nav2_sms_behavior.egg-info/dependency_links.txt
writing top-level names to nav2_sms_behavior.egg-info/top_level.txt
writing manifest file 'nav2_sms_behavior.egg-info/SOURCES.txt'
reading manifest file 'nav2_sms_behavior.egg-info/SOURCES.txt'
writing manifest file 'nav2_sms_behavior.egg-info/SOURCES.txt'
[  5%] Built target ament_cmake_python_build_nav2_sms_behavior_egg
gmake: *** [Makefile:146: all] Error 2
