[0.181s] Invoking command in '/home/umarv/ws/build/nav2_straightline_planner': /usr/bin/cmake --build /home/umarv/ws/build/nav2_straightline_planner -- -j8 -l8
[0.214s] [35m[1mConsolidate compiler generated dependencies of target nav2_straightline_planner_plugin[0m
[0.232s] [ 50%] [32mBuilding CXX object CMakeFiles/nav2_straightline_planner_plugin.dir/src/straight_line_planner.cpp.o[0m
[2.791s] [01m[K/home/umarv/ws/src/navigation2_tutorials/nav2_straightline_planner/src/straight_line_planner.cpp:[m[K In member function â€˜[01m[Kbool nav2_straightline_planner::StraightLine::makePlan(const PoseStamped&, const PoseStamped&, std::vector<geometry_msgs::msg::PoseStamped_<std::allocator<void> >, std::allocator<geometry_msgs::msg::PoseStamped_<std::allocator<void> > > >&)[m[Kâ€™:
[2.791s] [01m[K/home/umarv/ws/src/navigation2_tutorials/nav2_straightline_planner/src/straight_line_planner.cpp:126:6:[m[K [01;31m[Kerror: [m[Kâ€˜[01m[Kinitialized_[m[Kâ€™ was not declared in this scope
[2.791s]   126 |  if(![01;31m[Kinitialized_[m[K){
[2.791s]       |      [01;31m[K^~~~~~~~~~~~[m[K
[2.797s] [01m[K/home/umarv/ws/src/navigation2_tutorials/nav2_straightline_planner/src/straight_line_planner.cpp:127:9:[m[K [01;31m[Kerror: [m[Kâ€˜[01m[KROS_ERROR[m[Kâ€™ was not declared in this scope
[2.797s]   127 |         [01;31m[KROS_ERROR[m[K("The planner has not been initialized, please call initialize() to use the planner");
[2.797s]       |         [01;31m[K^~~~~~~~~[m[K
[2.802s] [01m[K/home/umarv/ws/src/navigation2_tutorials/nav2_straightline_planner/src/straight_line_planner.cpp:131:5:[m[K [01;31m[Kerror: [m[Kâ€˜[01m[KROS_DEBUG[m[Kâ€™ was not declared in this scope
[2.802s]   131 |     [01;31m[KROS_DEBUG[m[K("Got a start: %.2f, %.2f, and a goal: %.2f, %.2f", start.pose.position.x, start.pose.position.y, goal.pose.position.x, goal.pose.position.y);
[2.802s]       |     [01;31m[K^~~~~~~~~[m[K
[2.810s] [01m[K/home/umarv/ws/src/navigation2_tutorials/nav2_straightline_planner/src/straight_line_planner.cpp:155:5:[m[K [01;31m[Kerror: [m[Kâ€˜[01m[Krpastar[m[Kâ€™ was not declared in this scope
[2.810s]   155 |     [01;31m[Krpastar[m[K runner(first, last, costmap_);
[2.810s]       |     [01;31m[K^~~~~~~[m[K
[2.814s] [01m[K/home/umarv/ws/src/navigation2_tutorials/nav2_straightline_planner/src/straight_line_planner.cpp:156:5:[m[K [01;31m[Kerror: [m[Kâ€˜[01m[Krunner[m[Kâ€™ was not declared in this scope
[2.814s]   156 |     [01;31m[Krunner[m[K.search();
[2.815s]       |     [01;31m[K^~~~~~[m[K
[2.818s] [01m[K/home/umarv/ws/src/navigation2_tutorials/nav2_straightline_planner/src/straight_line_planner.cpp:[m[K At global scope:
[2.818s] [01m[K/home/umarv/ws/src/navigation2_tutorials/nav2_straightline_planner/src/straight_line_planner.cpp:168:139:[m[K [01;31m[Kerror: [m[Kâ€˜[01m[KPoseStamped[m[Kâ€™ is not a member of â€˜[01m[Kgeometry_msgs[m[Kâ€™; did you mean â€˜[01m[Kgeometry_msgs::msg::PoseStamped[m[Kâ€™?
[2.818s]   168 |  nav2_costmap_2d::Costmap2D* map, std::vector<std::pair<int,int>> &path, std::vector<geometry_msgs::[01;31m[KPoseStamped[m[K>& plan)
[2.818s]       |                                                                                                     [01;31m[K^~~~~~~~~~~[m[K
[2.818s] 
[2.818s] In file included from [01m[K/opt/ros/humble/include/geometry_msgs/geometry_msgs/msg/pose_stamped.hpp:7[m[K,
[2.818s]                  from [01m[K/home/umarv/ws/src/navigation2_tutorials/nav2_straightline_planner/include/nav2_straightline_planner/straight_line_planner.hpp:49[m[K,
[2.818s]                  from [01m[K/home/umarv/ws/src/navigation2_tutorials/nav2_straightline_planner/src/straight_line_planner.cpp:48[m[K:
[2.819s] [01m[K/opt/ros/humble/include/geometry_msgs/geometry_msgs/msg/detail/pose_stamped__struct.hpp:135:7:[m[K [01;36m[Knote: [m[Kâ€˜[01m[Kgeometry_msgs::msg::PoseStamped[m[Kâ€™ declared here
[2.819s]   135 | using [01;36m[KPoseStamped[m[K =
[2.819s]       |       [01;36m[K^~~~~~~~~~~[m[K
[2.819s] [01m[K/home/umarv/ws/src/navigation2_tutorials/nav2_straightline_planner/src/straight_line_planner.cpp:168:150:[m[K [01;31m[Kerror: [m[Ktemplate argument 1 is invalid
[2.819s]   168 | stmap_2d::Costmap2D* map, std::vector<std::pair<int,int>> &path, std::vector<geometry_msgs::PoseStamped[01;31m[K>[m[K& plan)
[2.819s]       |                                                                                                        [01;31m[K^[m[K
[2.819s] 
[2.819s] [01m[K/home/umarv/ws/src/navigation2_tutorials/nav2_straightline_planner/src/straight_line_planner.cpp:168:150:[m[K [01;31m[Kerror: [m[Ktemplate argument 2 is invalid
[2.819s] [01m[K/home/umarv/ws/src/navigation2_tutorials/nav2_straightline_planner/src/straight_line_planner.cpp:168:6:[m[K [01;31m[Kerror: [m[Kno declaration matches â€˜[01m[Kvoid nav2_straightline_planner::StraightLine::generate_path(const nav2_costmap_2d::Costmap2D*, std::vector<std::pair<int, int> >&, int&)[m[Kâ€™
[2.819s]   168 | void [01;31m[KStraightLine[m[K::generate_path(const nav2_costmap_2d::Costmap2D* map, std::vector<std::pair<int,int>> &path, std::vector<geometry_msgs::PoseStamped>& plan)
[2.819s]       |      [01;31m[K^~~~~~~~~~~~[m[K
[2.819s] In file included from [01m[K/home/umarv/ws/src/navigation2_tutorials/nav2_straightline_planner/src/straight_line_planner.cpp:48[m[K:
[2.819s] [01m[K/home/umarv/ws/src/navigation2_tutorials/nav2_straightline_planner/include/nav2_straightline_planner/straight_line_planner.hpp:86:6:[m[K [01;36m[Knote: [m[Kcandidate is: â€˜[01m[Kvoid nav2_straightline_planner::StraightLine::generate_path(const nav2_costmap_2d::Costmap2D*, std::vector<std::pair<int, int> >&, std::vector<geometry_msgs::msg::PoseStamped_<std::allocator<void> >, std::allocator<geometry_msgs::msg::PoseStamped_<std::allocator<void> > > >&)[m[Kâ€™
[2.819s]    86 | void [01;36m[Kgenerate_path[m[K(const nav2_costmap_2d::Costmap2D* map,
[2.820s]       |      [01;36m[K^~~~~~~~~~~~~[m[K
[2.820s] [01m[K/home/umarv/ws/src/navigation2_tutorials/nav2_straightline_planner/include/nav2_straightline_planner/straight_line_planner.hpp:60:7:[m[K [01;36m[Knote: [m[Kâ€˜[01m[Kclass nav2_straightline_planner::StraightLine[m[Kâ€™ defined here
[2.820s]    60 | class [01;36m[KStraightLine[m[K : public nav2_core::GlobalPlanner
[2.820s]       |       [01;36m[K^~~~~~~~~~~~[m[K
[2.820s] [01m[K/home/umarv/ws/src/navigation2_tutorials/nav2_straightline_planner/src/straight_line_planner.cpp:189:21:[m[K [01;31m[Kerror: [m[Kredefinition of â€˜[01m[Knav_msgs::msg::Path nav2_straightline_planner::StraightLine::createPlan(const PoseStamped&, const PoseStamped&)[m[Kâ€™
[2.820s]   189 | nav_msgs::msg::Path [01;31m[KStraightLine[m[K::createPlan(
[2.820s]       |                     [01;31m[K^~~~~~~~~~~~[m[K
[2.820s] [01m[K/home/umarv/ws/src/navigation2_tutorials/nav2_straightline_planner/src/straight_line_planner.cpp:92:21:[m[K [01;36m[Knote: [m[Kâ€˜[01m[Kvirtual nav_msgs::msg::Path nav2_straightline_planner::StraightLine::createPlan(const PoseStamped&, const PoseStamped&)[m[Kâ€™ previously defined here
[2.820s]    92 | nav_msgs::msg::Path [01;36m[KStraightLine[m[K::createPlan(
[2.820s]       |                     [01;36m[K^~~~~~~~~~~~[m[K
[4.418s] gmake[2]: *** [CMakeFiles/nav2_straightline_planner_plugin.dir/build.make:76: CMakeFiles/nav2_straightline_planner_plugin.dir/src/straight_line_planner.cpp.o] Error 1
[4.418s] gmake[1]: *** [CMakeFiles/Makefile2:137: CMakeFiles/nav2_straightline_planner_plugin.dir/all] Error 2
[4.418s] gmake: *** [Makefile:146: all] Error 2
[4.420s] Invoked command in '/home/umarv/ws/build/nav2_straightline_planner' returned '2': /usr/bin/cmake --build /home/umarv/ws/build/nav2_straightline_planner -- -j8 -l8
