In file included from [01m[K/home/umarv/ws/src/navigation2_tutorials/nav2_straightline_planner/src/straight_line_planner.cpp:49[m[K:
[01m[K/home/umarv/ws/src/navigation2_tutorials/nav2_straightline_planner/include/nav2_straightline_planner/rpastar.h:[m[K In member function â€˜[01m[Kconst bool& rpastar::Node::operator==(const rpastar::Node&)[m[Kâ€™:
[01m[K/home/umarv/ws/src/navigation2_tutorials/nav2_straightline_planner/include/nav2_straightline_planner/rpastar.h:42:36:[m[K [01;35m[Kwarning: [m[Kreturning reference to temporary [[01;35m[K-Wreturn-local-addr[m[K]
   42 |                 return [01;35m[Kthis->state == rhs.state[m[K;
      |                        [01;35m[K~~~~~~~~~~~~^~~~~~~~~~~~[m[K
[01m[K/home/umarv/ws/src/navigation2_tutorials/nav2_straightline_planner/src/straight_line_planner.cpp:[m[K At global scope:
[01m[K/home/umarv/ws/src/navigation2_tutorials/nav2_straightline_planner/src/straight_line_planner.cpp:188:21:[m[K [01;31m[Kerror: [m[Kredefinition of â€˜[01m[Knav_msgs::msg::Path nav2_straightline_planner::StraightLine::createPlan(const PoseStamped&, const PoseStamped&)[m[Kâ€™
  188 | nav_msgs::msg::Path [01;31m[KStraightLine[m[K::createPlan(
      |                     [01;31m[K^~~~~~~~~~~~[m[K
[01m[K/home/umarv/ws/src/navigation2_tutorials/nav2_straightline_planner/src/straight_line_planner.cpp:94:21:[m[K [01;36m[Knote: [m[Kâ€˜[01m[Kvirtual nav_msgs::msg::Path nav2_straightline_planner::StraightLine::createPlan(const PoseStamped&, const PoseStamped&)[m[Kâ€™ previously defined here
   94 | nav_msgs::msg::Path [01;36m[KStraightLine[m[K::createPlan(
      |                     [01;36m[K^~~~~~~~~~~~[m[K
gmake[2]: *** [CMakeFiles/nav2_straightline_planner_plugin.dir/build.make:76: CMakeFiles/nav2_straightline_planner_plugin.dir/src/straight_line_planner.cpp.o] Error 1
gmake[1]: *** [CMakeFiles/Makefile2:137: CMakeFiles/nav2_straightline_planner_plugin.dir/all] Error 2
gmake: *** [Makefile:146: all] Error 2
