[0.180s] Invoking command in '/home/umarv/ws/build/nav2_straightline_planner': /usr/bin/cmake --build /home/umarv/ws/build/nav2_straightline_planner -- -j8 -l8
[0.209s] [35m[1mConsolidate compiler generated dependencies of target nav2_straightline_planner_plugin[0m
[0.225s] [ 50%] [32mBuilding CXX object CMakeFiles/nav2_straightline_planner_plugin.dir/src/straight_line_planner.cpp.o[0m
[2.872s] In file included from [01m[K/home/umarv/ws/src/navigation2_tutorials/nav2_straightline_planner/src/straight_line_planner.cpp:46[m[K:
[2.872s] [01m[K/home/umarv/ws/src/navigation2_tutorials/nav2_straightline_planner/include/nav2_straightline_planner/straight_line_planner.hpp:86:26:[m[K [01;31m[Kerror: [m[Kâ€˜[01m[Kcostmap_2d[m[Kâ€™ does not name a type
[2.872s]    86 | void generate_path(const [01;31m[Kcostmap_2d[m[K::Costmap2D* map, std::vector<std::pair<int,int>> &path, std::vector<geometry_msgs::PoseStamped>& plan);
[2.872s]       |                          [01;31m[K^~~~~~~~~~[m[K
[2.872s] [01m[K/home/umarv/ws/src/navigation2_tutorials/nav2_straightline_planner/include/nav2_straightline_planner/straight_line_planner.hpp:86:47:[m[K [01;31m[Kerror: [m[Kexpected unqualified-id before â€˜[01m[K*[m[Kâ€™ token
[2.873s]    86 | void generate_path(const costmap_2d::Costmap2D[01;31m[K*[m[K map, std::vector<std::pair<int,int>> &path, std::vector<geometry_msgs::PoseStamped>& plan);
[2.873s]       |                                               [01;31m[K^[m[K
[2.873s] [01m[K/home/umarv/ws/src/navigation2_tutorials/nav2_straightline_planner/include/nav2_straightline_planner/straight_line_planner.hpp:86:47:[m[K [01;31m[Kerror: [m[Kexpected â€˜[01m[K)[m[Kâ€™ before â€˜[01m[K*[m[Kâ€™ token
[2.873s]    86 | void generate_path[34m[K([m[Kconst costmap_2d::Costmap2D[01;31m[K*[m[K map, std::vector<std::pair<int,int>> &path, std::vector<geometry_msgs::PoseStamped>& plan);
[2.873s]       |                   [34m[K~[m[K                           [01;31m[K^[m[K
[2.873s]       |                                               [32m[K)[m[K
[2.873s] [01m[K/home/umarv/ws/src/navigation2_tutorials/nav2_straightline_planner/include/nav2_straightline_planner/straight_line_planner.hpp:86:38:[m[K [01;31m[Kerror: [m[Kexpected â€˜[01m[K;[m[Kâ€™ at end of member declaration
[2.873s]    86 | void generate_path(const costmap_2d::[01;31m[KCostmap2D[m[K* map, std::vector<std::pair<int,int>> &path, std::vector<geometry_msgs::PoseStamped>& plan);
[2.873s]       |                                      [01;31m[K^~~~~~~~~[m[K
[2.873s]       |                                               [32m[K;[m[K
[2.873s] [01m[K/home/umarv/ws/src/navigation2_tutorials/nav2_straightline_planner/include/nav2_straightline_planner/straight_line_planner.hpp:86:49:[m[K [01;31m[Kerror: [m[KISO C++ forbids declaration of â€˜[01m[Kmap[m[Kâ€™ with no type [[01;31m[K-fpermissive[m[K]
[2.874s]    86 | void generate_path(const costmap_2d::Costmap2D* [01;31m[Kmap[m[K, std::vector<std::pair<int,int>> &path, std::vector<geometry_msgs::PoseStamped>& plan);
[2.874s]       |                                                 [01;31m[K^~~[m[K
[2.874s] [01m[K/home/umarv/ws/src/navigation2_tutorials/nav2_straightline_planner/include/nav2_straightline_planner/straight_line_planner.hpp:86:86:[m[K [01;31m[Kerror: [m[Kinvalid declarator before â€˜[01m[K&[m[Kâ€™ token
[2.874s]    86 | void generate_path(const costmap_2d::Costmap2D* map, std::vector<std::pair<int,int>> [01;31m[K&[m[Kpath, std::vector<geometry_msgs::PoseStamped>& plan);
[2.874s]       |                                                                                      [01;31m[K^[m[K
[2.874s] In file included from [01m[K/home/umarv/ws/src/navigation2_tutorials/nav2_straightline_planner/src/straight_line_planner.cpp:46[m[K:
[2.874s] [01m[K/home/umarv/ws/src/navigation2_tutorials/nav2_straightline_planner/include/nav2_straightline_planner/straight_line_planner.hpp:87:36:[m[K [01;31m[Kerror: [m[Kâ€˜[01m[KPoseStamped[m[Kâ€™ in namespace â€˜[01m[Kgeometry_msgs[m[Kâ€™ does not name a type
[2.874s]    87 | bool makePlan(const geometry_msgs::[01;31m[KPoseStamped[m[K& start,
[2.874s]       |                                    [01;31m[K^~~~~~~~~~~[m[K
[2.874s] [01m[K/home/umarv/ws/src/navigation2_tutorials/nav2_straightline_planner/include/nav2_straightline_planner/straight_line_planner.hpp:88:34:[m[K [01;31m[Kerror: [m[Kâ€˜[01m[KPoseStamped[m[Kâ€™ in namespace â€˜[01m[Kgeometry_msgs[m[Kâ€™ does not name a type
[2.874s]    88 |             const geometry_msgs::[01;31m[KPoseStamped[m[K& goal,
[2.874s]       |                                  [01;31m[K^~~~~~~~~~~[m[K
[2.874s] [01m[K/home/umarv/ws/src/navigation2_tutorials/nav2_straightline_planner/include/nav2_straightline_planner/straight_line_planner.hpp:89:40:[m[K [01;31m[Kerror: [m[Kâ€˜[01m[KPoseStamped[m[Kâ€™ is not a member of â€˜[01m[Kgeometry_msgs[m[Kâ€™; did you mean â€˜[01m[Kgeometry_msgs::msg::PoseStamped[m[Kâ€™?
[2.874s]    89 |             std::vector<geometry_msgs::[01;31m[KPoseStamped[m[K>& plan
[2.874s]       |                                        [01;31m[K^~~~~~~~~~~[m[K
[2.875s] In file included from [01m[K/opt/ros/humble/include/geometry_msgs/geometry_msgs/msg/pose_stamped.hpp:7[m[K,
[2.875s]                  from [01m[K/home/umarv/ws/src/navigation2_tutorials/nav2_straightline_planner/include/nav2_straightline_planner/straight_line_planner.hpp:49[m[K,
[2.875s]                  from [01m[K/home/umarv/ws/src/navigation2_tutorials/nav2_straightline_planner/src/straight_line_planner.cpp:46[m[K:
[2.875s] [01m[K/opt/ros/humble/include/geometry_msgs/geometry_msgs/msg/detail/pose_stamped__struct.hpp:135:7:[m[K [01;36m[Knote: [m[Kâ€˜[01m[Kgeometry_msgs::msg::PoseStamped[m[Kâ€™ declared here
[2.875s]   135 | using [01;36m[KPoseStamped[m[K =
[2.875s]       |       [01;36m[K^~~~~~~~~~~[m[K
[2.875s] In file included from [01m[K/home/umarv/ws/src/navigation2_tutorials/nav2_straightline_planner/src/straight_line_planner.cpp:46[m[K:
[2.875s] [01m[K/home/umarv/ws/src/navigation2_tutorials/nav2_straightline_planner/include/nav2_straightline_planner/straight_line_planner.hpp:89:51:[m[K [01;31m[Kerror: [m[Ktemplate argument 1 is invalid
[2.875s]    89 |             std::vector<geometry_msgs::PoseStamped[01;31m[K>[m[K& plan
[2.875s]       |                                                   [01;31m[K^[m[K
[2.875s] [01m[K/home/umarv/ws/src/navigation2_tutorials/nav2_straightline_planner/include/nav2_straightline_planner/straight_line_planner.hpp:89:51:[m[K [01;31m[Kerror: [m[Ktemplate argument 2 is invalid
[2.879s] [01m[K/home/umarv/ws/src/navigation2_tutorials/nav2_straightline_planner/src/straight_line_planner.cpp:[m[K In member function â€˜[01m[Kvirtual nav_msgs::msg::Path nav2_straightline_planner::StraightLine::createPlan(const PoseStamped&, const PoseStamped&)[m[Kâ€™:
[2.880s] [01m[K/home/umarv/ws/src/navigation2_tutorials/nav2_straightline_planner/src/straight_line_planner.cpp:115:12:[m[K [01;31m[Kerror: [m[Kcannot convert â€˜[01m[Kconst PoseStamped[m[Kâ€™ {aka â€˜[01m[Kconst geometry_msgs::msg::PoseStamped_<std::allocator<void> >[m[Kâ€™} to â€˜[01m[Kconst int&[m[Kâ€™
[2.880s]   115 |   makePlan([01;31m[Kstart[m[K, goal, plan);
[2.880s]       |            [01;31m[K^~~~~[m[K
[2.880s]       |            [01;31m[K|[m[K
[2.880s]       |            [01;31m[Kconst PoseStamped {aka const geometry_msgs::msg::PoseStamped_<std::allocator<void> >}[m[K
[2.880s] In file included from [01m[K/home/umarv/ws/src/navigation2_tutorials/nav2_straightline_planner/src/straight_line_planner.cpp:46[m[K:
[2.880s] [01m[K/home/umarv/ws/src/navigation2_tutorials/nav2_straightline_planner/include/nav2_straightline_planner/straight_line_planner.hpp:87:49:[m[K [01;36m[Knote: [m[K  initializing argument 1 of â€˜[01m[Kbool nav2_straightline_planner::StraightLine::makePlan(const int&, const int&, int&)[m[Kâ€™
[2.880s]    87 | bool makePlan([01;36m[Kconst geometry_msgs::PoseStamped& start[m[K,
[2.881s]       |               [01;36m[K~~~~~~~~~~~~~~~~~~~~~~~~~~~~~~~~~~^~~~~[m[K
[2.885s] [01m[K/home/umarv/ws/src/navigation2_tutorials/nav2_straightline_planner/src/straight_line_planner.cpp:118:33:[m[K [01;31m[Kerror: [m[Kâ€˜[01m[Kpose[m[Kâ€™ was not declared in this scope
[2.885s]   118 |     global_path.poses.push_back([01;31m[Kpose[m[K);
[2.885s]       |                                 [01;31m[K^~~~[m[K
[2.885s] [01m[K/home/umarv/ws/src/navigation2_tutorials/nav2_straightline_planner/src/straight_line_planner.cpp:[m[K At global scope:
[2.885s] [01m[K/home/umarv/ws/src/navigation2_tutorials/nav2_straightline_planner/src/straight_line_planner.cpp:123:6:[m[K [01;31m[Kerror: [m[Kâ€˜[01m[Kstraight_line_planner[m[Kâ€™ has not been declared
[2.886s]   123 | bool [01;31m[Kstraight_line_planner[m[K::makePlan(const geometry_msgs::msg::PoseStamped& start, const geometry_msgs::msg::PoseStamped& goal, std::vector<geometry_msgs::msg::PoseStamped>& plan){
[2.886s]       |      [01;31m[K^~~~~~~~~~~~~~~~~~~~~[m[K
[2.890s] [01m[K/home/umarv/ws/src/navigation2_tutorials/nav2_straightline_planner/src/straight_line_planner.cpp:[m[K In function â€˜[01m[Kbool nav2_straightline_planner::makePlan(const PoseStamped&, const PoseStamped&, std::vector<geometry_msgs::msg::PoseStamped_<std::allocator<void> >, std::allocator<geometry_msgs::msg::PoseStamped_<std::allocator<void> > > >&)[m[Kâ€™:
[2.890s] [01m[K/home/umarv/ws/src/navigation2_tutorials/nav2_straightline_planner/src/straight_line_planner.cpp:124:6:[m[K [01;31m[Kerror: [m[Kâ€˜[01m[Kinitialized_[m[Kâ€™ was not declared in this scope
[2.890s]   124 |  if(![01;31m[Kinitialized_[m[K){
[2.890s]       |      [01;31m[K^~~~~~~~~~~~[m[K
[2.894s] [01m[K/home/umarv/ws/src/navigation2_tutorials/nav2_straightline_planner/src/straight_line_planner.cpp:125:9:[m[K [01;31m[Kerror: [m[Kâ€˜[01m[KROS_ERROR[m[Kâ€™ was not declared in this scope
[2.894s]   125 |         [01;31m[KROS_ERROR[m[K("The planner has not been initialized, please call initialize() to use the planner");
[2.894s]       |         [01;31m[K^~~~~~~~~[m[K
[2.898s] [01m[K/home/umarv/ws/src/navigation2_tutorials/nav2_straightline_planner/src/straight_line_planner.cpp:129:5:[m[K [01;31m[Kerror: [m[Kâ€˜[01m[KROS_DEBUG[m[Kâ€™ was not declared in this scope
[2.898s]   129 |     [01;31m[KROS_DEBUG[m[K("Got a start: %.2f, %.2f, and a goal: %.2f, %.2f", start.pose.position.x, start.pose.position.y, goal.pose.position.x, goal.pose.position.y);
[2.898s]       |     [01;31m[K^~~~~~~~~[m[K
[2.901s] [01m[K/home/umarv/ws/src/navigation2_tutorials/nav2_straightline_planner/src/straight_line_planner.cpp:[m[K At global scope:
[2.901s] [01m[K/home/umarv/ws/src/navigation2_tutorials/nav2_straightline_planner/src/straight_line_planner.cpp:134:24:[m[K [01;31m[Kerror: [m[Kâ€˜[01m[Kstart[m[Kâ€™ was not declared in this scope
[2.901s]   134 |     int pos_x = (int)(([01;31m[Kstart[m[K.pose.position.x - costmap_->getOriginX()) / costmap_->getResolution());
[2.901s]       |                        [01;31m[K^~~~~[m[K
[2.904s] [01m[K/home/umarv/ws/src/navigation2_tutorials/nav2_straightline_planner/src/straight_line_planner.cpp:134:48:[m[K [01;31m[Kerror: [m[Kâ€˜[01m[Kcostmap_[m[Kâ€™ was not declared in this scope
[2.904s]   134 |     int pos_x = (int)((start.pose.position.x - [01;31m[Kcostmap_[m[K->getOriginX()) / costmap_->getResolution());
[2.904s]       |                                                [01;31m[K^~~~~~~~[m[K
[2.907s] [01m[K/home/umarv/ws/src/navigation2_tutorials/nav2_straightline_planner/src/straight_line_planner.cpp:134:74:[m[K [01;31m[Kerror: [m[Kâ€˜[01m[Kcostmap_[m[Kâ€™ was not declared in this scope
[2.907s]   134 |     int pos_x = (int)((start.pose.position.x - costmap_->getOriginX()) / [01;31m[Kcostmap_[m[K->getResolution());
[2.907s]       |                                                                          [01;31m[K^~~~~~~~[m[K
[2.909s] [01m[K/home/umarv/ws/src/navigation2_tutorials/nav2_straightline_planner/src/straight_line_planner.cpp:135:24:[m[K [01;31m[Kerror: [m[Kâ€˜[01m[Kstart[m[Kâ€™ was not declared in this scope
[2.909s]   135 |     int pos_y = (int)(([01;31m[Kstart[m[K.pose.position.y - costmap_->getOriginY()) / costmap_->getResolution());
[2.909s]       |                        [01;31m[K^~~~~[m[K
[2.912s] [01m[K/home/umarv/ws/src/navigation2_tutorials/nav2_straightline_planner/src/straight_line_planner.cpp:135:48:[m[K [01;31m[Kerror: [m[Kâ€˜[01m[Kcostmap_[m[Kâ€™ was not declared in this scope
[2.913s]   135 |     int pos_y = (int)((start.pose.position.y - [01;31m[Kcostmap_[m[K->getOriginY()) / costmap_->getResolution());
[2.913s]       |                                                [01;31m[K^~~~~~~~[m[K
[2.916s] [01m[K/home/umarv/ws/src/navigation2_tutorials/nav2_straightline_planner/src/straight_line_planner.cpp:135:74:[m[K [01;31m[Kerror: [m[Kâ€˜[01m[Kcostmap_[m[Kâ€™ was not declared in this scope
[2.916s]   135 |     int pos_y = (int)((start.pose.position.y - costmap_->getOriginY()) / [01;31m[Kcostmap_[m[K->getResolution());
[2.916s]       |                                                                          [01;31m[K^~~~~~~~[m[K
[2.919s] [01m[K/home/umarv/ws/src/navigation2_tutorials/nav2_straightline_planner/src/straight_line_planner.cpp:137:25:[m[K [01;31m[Kerror: [m[Kâ€˜[01m[Kgoal[m[Kâ€™ was not declared in this scope; did you mean â€˜[01m[Kgoal_x[m[Kâ€™?
[2.919s]   137 |     int goal_x = (int)(([01;31m[Kgoal[m[K.pose.position.x - costmap_->getOriginX()) / costmap_->getResolution());
[2.919s]       |                         [01;31m[K^~~~[m[K
[2.919s]       |                         [32m[Kgoal_x[m[K
[2.921s] [01m[K/home/umarv/ws/src/navigation2_tutorials/nav2_straightline_planner/src/straight_line_planner.cpp:137:48:[m[K [01;31m[Kerror: [m[Kâ€˜[01m[Kcostmap_[m[Kâ€™ was not declared in this scope
[2.921s]   137 |     int goal_x = (int)((goal.pose.position.x - [01;31m[Kcostmap_[m[K->getOriginX()) / costmap_->getResolution());
[2.922s]       |                                                [01;31m[K^~~~~~~~[m[K
[2.924s] [01m[K/home/umarv/ws/src/navigation2_tutorials/nav2_straightline_planner/src/straight_line_planner.cpp:137:74:[m[K [01;31m[Kerror: [m[Kâ€˜[01m[Kcostmap_[m[Kâ€™ was not declared in this scope
[2.924s]   137 |     int goal_x = (int)((goal.pose.position.x - costmap_->getOriginX()) / [01;31m[Kcostmap_[m[K->getResolution());
[2.924s]       |                                                                          [01;31m[K^~~~~~~~[m[K
[2.927s] [01m[K/home/umarv/ws/src/navigation2_tutorials/nav2_straightline_planner/src/straight_line_planner.cpp:138:25:[m[K [01;31m[Kerror: [m[Kâ€˜[01m[Kgoal[m[Kâ€™ was not declared in this scope; did you mean â€˜[01m[Kgoal_y[m[Kâ€™?
[2.927s]   138 |     int goal_y = (int)(([01;31m[Kgoal[m[K.pose.position.y - costmap_->getOriginY()) / costmap_->getResolution());
[2.927s]       |                         [01;31m[K^~~~[m[K
[2.927s]       |                         [32m[Kgoal_y[m[K
[2.929s] [01m[K/home/umarv/ws/src/navigation2_tutorials/nav2_straightline_planner/src/straight_line_planner.cpp:138:48:[m[K [01;31m[Kerror: [m[Kâ€˜[01m[Kcostmap_[m[Kâ€™ was not declared in this scope
[2.929s]   138 |     int goal_y = (int)((goal.pose.position.y - [01;31m[Kcostmap_[m[K->getOriginY()) / costmap_->getResolution());
[2.930s]       |                                                [01;31m[K^~~~~~~~[m[K
[2.932s] [01m[K/home/umarv/ws/src/navigation2_tutorials/nav2_straightline_planner/src/straight_line_planner.cpp:138:74:[m[K [01;31m[Kerror: [m[Kâ€˜[01m[Kcostmap_[m[Kâ€™ was not declared in this scope
[2.932s]   138 |     int goal_y = (int)((goal.pose.position.y - costmap_->getOriginY()) / [01;31m[Kcostmap_[m[K->getResolution());
[2.932s]       |                                                                          [01;31m[K^~~~~~~~[m[K
[2.932s] [01m[K/home/umarv/ws/src/navigation2_tutorials/nav2_straightline_planner/src/straight_line_planner.cpp:147:10:[m[K [01;31m[Kerror: [m[Kâ€˜[01m[Kcout[m[Kâ€™ in namespace â€˜[01m[Kstd[m[Kâ€™ does not name a type
[2.933s]   147 |     std::[01;31m[Kcout[m[K << pos_x << " " << pos_y << std::endl;
[2.933s]       |          [01;31m[K^~~~[m[K
[2.933s] In file included from [01m[K/opt/ros/humble/include/rclcpp/rclcpp/executor.hpp:22[m[K,
[2.933s]                  from [01m[K/opt/ros/humble/include/rclcpp/rclcpp/executors/multi_threaded_executor.hpp:25[m[K,
[2.933s]                  from [01m[K/opt/ros/humble/include/rclcpp/rclcpp/executors.hpp:21[m[K,
[2.933s]                  from [01m[K/opt/ros/humble/include/rclcpp/rclcpp/rclcpp.hpp:155[m[K,
[2.933s]                  from [01m[K/opt/ros/humble/include/nav2_util/node_utils.hpp:20[m[K,
[2.933s]                  from [01m[K/home/umarv/ws/src/navigation2_tutorials/nav2_straightline_planner/src/straight_line_planner.cpp:44[m[K:
[2.933s] [01m[K/usr/include/c++/11/iostream:61:18:[m[K [01;36m[Knote: [m[Kâ€˜[01m[Kstd::cout[m[Kâ€™ declared here
[2.933s]    61 |   extern ostream [01;36m[Kcout[m[K;          /// Linked to standard output
[2.933s]       |                  [01;36m[K^~~~[m[K
[2.934s] [01m[K/home/umarv/ws/src/navigation2_tutorials/nav2_straightline_planner/src/straight_line_planner.cpp:148:10:[m[K [01;31m[Kerror: [m[Kâ€˜[01m[Kcout[m[Kâ€™ in namespace â€˜[01m[Kstd[m[Kâ€™ does not name a type
[2.934s]   148 |     std::[01;31m[Kcout[m[K << goal_x << " " << goal_y << std::endl;
[2.934s]       |          [01;31m[K^~~~[m[K
[2.934s] In file included from [01m[K/opt/ros/humble/include/rclcpp/rclcpp/executor.hpp:22[m[K,
[2.934s]                  from [01m[K/opt/ros/humble/include/rclcpp/rclcpp/executors/multi_threaded_executor.hpp:25[m[K,
[2.934s]                  from [01m[K/opt/ros/humble/include/rclcpp/rclcpp/executors.hpp:21[m[K,
[2.934s]                  from [01m[K/opt/ros/humble/include/rclcpp/rclcpp/rclcpp.hpp:155[m[K,
[2.935s]                  from [01m[K/opt/ros/humble/include/nav2_util/node_utils.hpp:20[m[K,
[2.935s]                  from [01m[K/home/umarv/ws/src/navigation2_tutorials/nav2_straightline_planner/src/straight_line_planner.cpp:44[m[K:
[2.935s] [01m[K/usr/include/c++/11/iostream:61:18:[m[K [01;36m[Knote: [m[Kâ€˜[01m[Kstd::cout[m[Kâ€™ declared here
[2.935s]    61 |   extern ostream [01;36m[Kcout[m[K;          /// Linked to standard output
[2.935s]       |                  [01;36m[K^~~~[m[K
[2.935s] [01m[K/home/umarv/ws/src/navigation2_tutorials/nav2_straightline_planner/src/straight_line_planner.cpp:149:10:[m[K [01;31m[Kerror: [m[Kâ€˜[01m[Kcout[m[Kâ€™ in namespace â€˜[01m[Kstd[m[Kâ€™ does not name a type
[2.935s]   149 |     std::[01;31m[Kcout[m[K << "Running A*..." << std::endl << std::endl;
[2.935s]       |          [01;31m[K^~~~[m[K
[2.935s] In file included from [01m[K/opt/ros/humble/include/rclcpp/rclcpp/executor.hpp:22[m[K,
[2.935s]                  from [01m[K/opt/ros/humble/include/rclcpp/rclcpp/executors/multi_threaded_executor.hpp:25[m[K,
[2.936s]                  from [01m[K/opt/ros/humble/include/rclcpp/rclcpp/executors.hpp:21[m[K,
[2.936s]                  from [01m[K/opt/ros/humble/include/rclcpp/rclcpp/rclcpp.hpp:155[m[K,
[2.936s]                  from [01m[K/opt/ros/humble/include/nav2_util/node_utils.hpp:20[m[K,
[2.936s]                  from [01m[K/home/umarv/ws/src/navigation2_tutorials/nav2_straightline_planner/src/straight_line_planner.cpp:44[m[K:
[2.936s] [01m[K/usr/include/c++/11/iostream:61:18:[m[K [01;36m[Knote: [m[Kâ€˜[01m[Kstd::cout[m[Kâ€™ declared here
[2.936s]    61 |   extern ostream [01;36m[Kcout[m[K;          /// Linked to standard output
[2.936s]       |                  [01;36m[K^~~~[m[K
[2.938s] [01m[K/home/umarv/ws/src/navigation2_tutorials/nav2_straightline_planner/src/straight_line_planner.cpp:153:5:[m[K [01;31m[Kerror: [m[Kâ€˜[01m[Krpastar[m[Kâ€™ does not name a type
[2.938s]   153 |     [01;31m[Krpastar[m[K runner(first, last, costmap_);
[2.938s]       |     [01;31m[K^~~~~~~[m[K
[2.939s] [01m[K/home/umarv/ws/src/navigation2_tutorials/nav2_straightline_planner/src/straight_line_planner.cpp:154:5:[m[K [01;31m[Kerror: [m[Kâ€˜[01m[Krunner[m[Kâ€™ does not name a type
[2.939s]   154 |     [01;31m[Krunner[m[K.search();
[2.939s]       |     [01;31m[K^~~~~~[m[K
[2.939s] [01m[K/home/umarv/ws/src/navigation2_tutorials/nav2_straightline_planner/src/straight_line_planner.cpp:155:5:[m[K [01;31m[Kerror: [m[Kexpected unqualified-id before â€˜[01m[Kif[m[Kâ€™
[2.939s]   155 |     [01;31m[Kif[m[K (runner.goal_found())
[2.939s]       |     [01;31m[K^~[m[K
[2.939s] [01m[K/home/umarv/ws/src/navigation2_tutorials/nav2_straightline_planner/src/straight_line_planner.cpp:161:10:[m[K [01;31m[Kerror: [m[Kâ€˜[01m[Kcout[m[Kâ€™ in namespace â€˜[01m[Kstd[m[Kâ€™ does not name a type
[2.939s]   161 |     std::[01;31m[Kcout[m[K << "done with make plan\n";
[2.939s]       |          [01;31m[K^~~~[m[K
[2.939s] In file included from [01m[K/opt/ros/humble/include/rclcpp/rclcpp/executor.hpp:22[m[K,
[2.939s]                  from [01m[K/opt/ros/humble/include/rclcpp/rclcpp/executors/multi_threaded_executor.hpp:25[m[K,
[2.939s]                  from [01m[K/opt/ros/humble/include/rclcpp/rclcpp/executors.hpp:21[m[K,
[2.939s]                  from [01m[K/opt/ros/humble/include/rclcpp/rclcpp/rclcpp.hpp:155[m[K,
[2.940s]                  from [01m[K/opt/ros/humble/include/nav2_util/node_utils.hpp:20[m[K,
[2.940s]                  from [01m[K/home/umarv/ws/src/navigation2_tutorials/nav2_straightline_planner/src/straight_line_planner.cpp:44[m[K:
[2.940s] [01m[K/usr/include/c++/11/iostream:61:18:[m[K [01;36m[Knote: [m[Kâ€˜[01m[Kstd::cout[m[Kâ€™ declared here
[2.940s]    61 |   extern ostream [01;36m[Kcout[m[K;          /// Linked to standard output
[2.940s]       |                  [01;36m[K^~~~[m[K
[2.940s] [01m[K/home/umarv/ws/src/navigation2_tutorials/nav2_straightline_planner/src/straight_line_planner.cpp:163:5:[m[K [01;31m[Kerror: [m[Kexpected unqualified-id before â€˜[01m[Kreturn[m[Kâ€™
[2.940s]   163 |     [01;31m[Kreturn[m[K true;
[2.940s]       |     [01;31m[K^~~~~~[m[K
[2.940s] [01m[K/home/umarv/ws/src/navigation2_tutorials/nav2_straightline_planner/src/straight_line_planner.cpp:166:6:[m[K [01;31m[Kerror: [m[Kâ€˜[01m[Kstraight_line_planer[m[Kâ€™ has not been declared
[2.940s]   166 | void [01;31m[Kstraight_line_planer[m[K::generate_path(const costmap_2d::Costmap2D* map, std::vector<std::pair<int,int>> &path, std::vector<geometry_msgs::PoseStamped>& plan)
[2.940s]       |      [01;31m[K^~~~~~~~~~~~~~~~~~~~[m[K
[2.941s] [01m[K/home/umarv/ws/src/navigation2_tutorials/nav2_straightline_planner/src/straight_line_planner.cpp:166:48:[m[K [01;31m[Kerror: [m[Kâ€˜[01m[Kcostmap_2d[m[Kâ€™ does not name a type
[2.941s]   166 | void straight_line_planer::generate_path(const [01;31m[Kcostmap_2d[m[K::Costmap2D* map, std::vector<std::pair<int,int>> &path, std::vector<geometry_msgs::PoseStamped>& plan)
[2.941s]       |                                                [01;31m[K^~~~~~~~~~[m[K
[2.941s] [01m[K/home/umarv/ws/src/navigation2_tutorials/nav2_straightline_planner/src/straight_line_planner.cpp:166:69:[m[K [01;31m[Kerror: [m[Kexpected unqualified-id before â€˜[01m[K*[m[Kâ€™ token
[2.941s]   166 | void straight_line_planer::generate_path(const costmap_2d::Costmap2D[01;31m[K*[m[K map, std::vector<std::pair<int,int>> &path, std::vector<geometry_msgs::PoseStamped>& plan)
[2.941s]       |                                                                     [01;31m[K^[m[K
[2.941s] [01m[K/home/umarv/ws/src/navigation2_tutorials/nav2_straightline_planner/src/straight_line_planner.cpp:166:69:[m[K [01;31m[Kerror: [m[Kexpected â€˜[01m[K)[m[Kâ€™ before â€˜[01m[K*[m[Kâ€™ token
[2.941s]   166 | void straight_line_planer::generate_path[34m[K([m[Kconst costmap_2d::Costmap2D[01;31m[K*[m[K map, std::vector<std::pair<int,int>> &path, std::vector<geometry_msgs::PoseStamped>& plan)
[2.941s]       |                                         [34m[K~[m[K                           [01;31m[K^[m[K
[2.941s]       |                                                                     [32m[K)[m[K
[2.941s] [01m[K/home/umarv/ws/src/navigation2_tutorials/nav2_straightline_planner/src/straight_line_planner.cpp:166:69:[m[K [01;31m[Kerror: [m[Kexpected initializer before â€˜[01m[K*[m[Kâ€™ token
[2.941s] [01m[K/home/umarv/ws/src/navigation2_tutorials/nav2_straightline_planner/src/straight_line_planner.cpp:187:21:[m[K [01;31m[Kerror: [m[Kâ€˜[01m[KStraightLine[m[Kâ€™ has not been declared
[2.941s]   187 | nav_msgs::msg::Path [01;31m[KStraightLine[m[K::createPlan(
[2.942s]       |                     [01;31m[K^~~~~~~~~~~~[m[K
[2.944s] [01m[K/home/umarv/ws/src/navigation2_tutorials/nav2_straightline_planner/src/straight_line_planner.cpp:[m[K In function â€˜[01m[Knav_msgs::msg::Path createPlan(const PoseStamped&, const PoseStamped&)[m[Kâ€™:
[2.944s] [01m[K/home/umarv/ws/src/navigation2_tutorials/nav2_straightline_planner/src/straight_line_planner.cpp:194:32:[m[K [01;31m[Kerror: [m[Kâ€˜[01m[Kglobal_frame_[m[Kâ€™ was not declared in this scope; did you mean â€˜[01m[Kglobal_path[m[Kâ€™?
[2.944s]   194 |   if (start.header.frame_id != [01;31m[Kglobal_frame_[m[K) {
[2.944s]       |                                [01;31m[K^~~~~~~~~~~~~[m[K
[2.944s]       |                                [32m[Kglobal_path[m[K
[2.947s] In file included from [01m[K/opt/ros/humble/include/rclcpp/rclcpp/client.hpp:40[m[K,
[2.947s]                  from [01m[K/opt/ros/humble/include/rclcpp/rclcpp/callback_group.hpp:24[m[K,
[2.947s]                  from [01m[K/opt/ros/humble/include/rclcpp/rclcpp/any_executable.hpp:20[m[K,
[2.947s]                  from [01m[K/opt/ros/humble/include/rclcpp/rclcpp/memory_strategy.hpp:25[m[K,
[2.947s]                  from [01m[K/opt/ros/humble/include/rclcpp/rclcpp/memory_strategies.hpp:18[m[K,
[2.947s]                  from [01m[K/opt/ros/humble/include/rclcpp/rclcpp/executor_options.hpp:20[m[K,
[2.947s]                  from [01m[K/opt/ros/humble/include/rclcpp/rclcpp/executor.hpp:37[m[K,
[2.947s]                  from [01m[K/opt/ros/humble/include/rclcpp/rclcpp/executors/multi_threaded_executor.hpp:25[m[K,
[2.947s]                  from [01m[K/opt/ros/humble/include/rclcpp/rclcpp/executors.hpp:21[m[K,
[2.947s]                  from [01m[K/opt/ros/humble/include/rclcpp/rclcpp/rclcpp.hpp:155[m[K,
[2.947s]                  from [01m[K/opt/ros/humble/include/nav2_util/node_utils.hpp:20[m[K,
[2.947s]                  from [01m[K/home/umarv/ws/src/navigation2_tutorials/nav2_straightline_planner/src/straight_line_planner.cpp:44[m[K:
[2.948s] [01m[K/home/umarv/ws/src/navigation2_tutorials/nav2_straightline_planner/src/straight_line_planner.cpp:196:7:[m[K [01;31m[Kerror: [m[Kâ€˜[01m[Knode_[m[Kâ€™ was not declared in this scope; did you mean â€˜[01m[Kmode_t[m[Kâ€™?
[2.948s]   196 |       [01;31m[Knode_[m[K->get_logger(), "Planner will only except start position from %s frame",
[2.948s]       |       [01;31m[K^~~~~[m[K
[2.948s] [01m[K/home/umarv/ws/src/navigation2_tutorials/nav2_straightline_planner/src/straight_line_planner.cpp:195:5:[m[K [01;31m[Kerror: [m[Ktemplate argument 1 is invalid
[2.948s]   195 |     [01;31m[KRCLCPP_ERROR[m[K(
[2.948s]       |     [01;31m[K^~~~~~~~~~~~[m[K
[2.948s] [01m[K/home/umarv/ws/src/navigation2_tutorials/nav2_straightline_planner/src/straight_line_planner.cpp:195:5:[m[K [01;31m[Kerror: [m[Kâ€˜[01m[K<declaration error>[m[Kâ€™ is not a template [[01;31m[K-fpermissive[m[K]
[2.948s]   195 |     [01;31m[KRCLCPP_ERROR[m[K(
[2.948s]       |     [01;31m[K^~~~~~~~~~~~[m[K
[2.948s] [01m[K/home/umarv/ws/src/navigation2_tutorials/nav2_straightline_planner/src/straight_line_planner.cpp:195:5:[m[K [01;31m[Kerror: [m[Ktemplate argument 1 is invalid
[2.948s]   195 |     [01;31m[KRCLCPP_ERROR[m[K(
[2.948s]       |     [01;31m[K^~~~~~~~~~~~[m[K
[2.948s] [01m[K/home/umarv/ws/src/navigation2_tutorials/nav2_straightline_planner/src/straight_line_planner.cpp:195:5:[m[K [01;31m[Kerror: [m[Kâ€˜[01m[K<declaration error>[m[Kâ€™ is not a template [[01;31m[K-fpermissive[m[K]
[2.949s]   195 |     [01;31m[KRCLCPP_ERROR[m[K(
[2.949s]       |     [01;31m[K^~~~~~~~~~~~[m[K
[2.949s] [01m[K/home/umarv/ws/src/navigation2_tutorials/nav2_straightline_planner/src/straight_line_planner.cpp:195:5:[m[K [01;31m[Kerror: [m[Ktemplate argument 1 is invalid
[2.949s]   195 |     [01;31m[KRCLCPP_ERROR[m[K(
[2.949s]       |     [01;31m[K^~~~~~~~~~~~[m[K
[2.950s] [01m[K/home/umarv/ws/src/navigation2_tutorials/nav2_straightline_planner/src/straight_line_planner.cpp:201:31:[m[K [01;31m[Kerror: [m[Kâ€˜[01m[Kglobal_frame_[m[Kâ€™ was not declared in this scope; did you mean â€˜[01m[Kglobal_path[m[Kâ€™?
[2.950s]   201 |   if (goal.header.frame_id != [01;31m[Kglobal_frame_[m[K) {
[2.950s]       |                               [01;31m[K^~~~~~~~~~~~~[m[K
[2.950s]       |                               [32m[Kglobal_path[m[K
[2.953s] In file included from [01m[K/opt/ros/humble/include/rclcpp/rclcpp/client.hpp:40[m[K,
[2.953s]                  from [01m[K/opt/ros/humble/include/rclcpp/rclcpp/callback_group.hpp:24[m[K,
[2.953s]                  from [01m[K/opt/ros/humble/include/rclcpp/rclcpp/any_executable.hpp:20[m[K,
[2.953s]                  from [01m[K/opt/ros/humble/include/rclcpp/rclcpp/memory_strategy.hpp:25[m[K,
[2.953s]                  from [01m[K/opt/ros/humble/include/rclcpp/rclcpp/memory_strategies.hpp:18[m[K,
[2.953s]                  from [01m[K/opt/ros/humble/include/rclcpp/rclcpp/executor_options.hpp:20[m[K,
[2.953s]                  from [01m[K/opt/ros/humble/include/rclcpp/rclcpp/executor.hpp:37[m[K,
[2.953s]                  from [01m[K/opt/ros/humble/include/rclcpp/rclcpp/executors/multi_threaded_executor.hpp:25[m[K,
[2.953s]                  from [01m[K/opt/ros/humble/include/rclcpp/rclcpp/executors.hpp:21[m[K,
[2.953s]                  from [01m[K/opt/ros/humble/include/rclcpp/rclcpp/rclcpp.hpp:155[m[K,
[2.954s]                  from [01m[K/opt/ros/humble/include/nav2_util/node_utils.hpp:20[m[K,
[2.954s]                  from [01m[K/home/umarv/ws/src/navigation2_tutorials/nav2_straightline_planner/src/straight_line_planner.cpp:44[m[K:
[2.954s] [01m[K/home/umarv/ws/src/navigation2_tutorials/nav2_straightline_planner/src/straight_line_planner.cpp:203:7:[m[K [01;31m[Kerror: [m[Kâ€˜[01m[Knode_[m[Kâ€™ was not declared in this scope; did you mean â€˜[01m[Kmode_t[m[Kâ€™?
[2.954s]   203 |       [01;31m[Knode_[m[K->get_logger(), "Planner will only except goal position from %s frame",
[2.954s]       |       [01;31m[K^~~~~[m[K
[2.954s] [01m[K/home/umarv/ws/src/navigation2_tutorials/nav2_straightline_planner/src/straight_line_planner.cpp:202:5:[m[K [01;31m[Kerror: [m[Ktemplate argument 1 is invalid
[2.954s]   202 |     [01;31m[KRCLCPP_INFO[m[K(
[2.954s]       |     [01;31m[K^~~~~~~~~~~[m[K
[2.954s] [01m[K/home/umarv/ws/src/navigation2_tutorials/nav2_straightline_planner/src/straight_line_planner.cpp:202:5:[m[K [01;31m[Kerror: [m[Kâ€˜[01m[K<declaration error>[m[Kâ€™ is not a template [[01;31m[K-fpermissive[m[K]
[2.954s]   202 |     [01;31m[KRCLCPP_INFO[m[K(
[2.954s]       |     [01;31m[K^~~~~~~~~~~[m[K
[2.954s] [01m[K/home/umarv/ws/src/navigation2_tutorials/nav2_straightline_planner/src/straight_line_planner.cpp:202:5:[m[K [01;31m[Kerror: [m[Ktemplate argument 1 is invalid
[2.954s]   202 |     [01;31m[KRCLCPP_INFO[m[K(
[2.954s]       |     [01;31m[K^~~~~~~~~~~[m[K
[2.955s] [01m[K/home/umarv/ws/src/navigation2_tutorials/nav2_straightline_planner/src/straight_line_planner.cpp:202:5:[m[K [01;31m[Kerror: [m[Kâ€˜[01m[K<declaration error>[m[Kâ€™ is not a template [[01;31m[K-fpermissive[m[K]
[2.955s]   202 |     [01;31m[KRCLCPP_INFO[m[K(
[2.955s]       |     [01;31m[K^~~~~~~~~~~[m[K
[2.955s] [01m[K/home/umarv/ws/src/navigation2_tutorials/nav2_straightline_planner/src/straight_line_planner.cpp:202:5:[m[K [01;31m[Kerror: [m[Ktemplate argument 1 is invalid
[2.955s]   202 |     [01;31m[KRCLCPP_INFO[m[K(
[2.955s]       |     [01;31m[K^~~~~~~~~~~[m[K
[2.955s] [01m[K/home/umarv/ws/src/navigation2_tutorials/nav2_straightline_planner/src/straight_line_planner.cpp:209:30:[m[K [01;31m[Kerror: [m[Kâ€˜[01m[Knode_[m[Kâ€™ was not declared in this scope; did you mean â€˜[01m[Kmode_t[m[Kâ€™?
[2.955s]   209 |   global_path.header.stamp = [01;31m[Knode_[m[K->now();
[2.956s]       |                              [01;31m[K^~~~~[m[K
[2.956s]       |                              [32m[Kmode_t[m[K
[2.959s] [01m[K/home/umarv/ws/src/navigation2_tutorials/nav2_straightline_planner/src/straight_line_planner.cpp:210:33:[m[K [01;31m[Kerror: [m[Kâ€˜[01m[Kglobal_frame_[m[Kâ€™ was not declared in this scope; did you mean â€˜[01m[Kglobal_path[m[Kâ€™?
[2.959s]   210 |   global_path.header.frame_id = [01;31m[Kglobal_frame_[m[K;
[2.959s]       |                                 [01;31m[K^~~~~~~~~~~~~[m[K
[2.959s]       |                                 [32m[Kglobal_path[m[K
[2.965s] [01m[K/home/umarv/ws/src/navigation2_tutorials/nav2_straightline_planner/src/straight_line_planner.cpp:215:5:[m[K [01;31m[Kerror: [m[Kâ€˜[01m[Kinterpolation_resolution_[m[Kâ€™ was not declared in this scope
[2.965s]   215 |     [01;31m[Kinterpolation_resolution_[m[K;
[2.965s]       |     [01;31m[K^~~~~~~~~~~~~~~~~~~~~~~~~[m[K
[2.966s] [01m[K/home/umarv/ws/src/navigation2_tutorials/nav2_straightline_planner/src/straight_line_planner.cpp:[m[K At global scope:
[2.966s] [01m[K/home/umarv/ws/src/navigation2_tutorials/nav2_straightline_planner/src/straight_line_planner.cpp:241:1:[m[K [01;31m[Kerror: [m[Kexpected declaration before â€˜[01m[K}[m[Kâ€™ token
[2.966s]   241 | [01;31m[K}[m[K  // namespace nav2_straightline_planner
[2.966s]       | [01;31m[K^[m[K
[4.103s] [01m[K/home/umarv/ws/src/navigation2_tutorials/nav2_straightline_planner/src/straight_line_planner.cpp:[m[K In function â€˜[01m[Kbool nav2_straightline_planner::makePlan(const PoseStamped&, const PoseStamped&, std::vector<geometry_msgs::msg::PoseStamped_<std::allocator<void> >, std::allocator<geometry_msgs::msg::PoseStamped_<std::allocator<void> > > >&)[m[Kâ€™:
[4.103s] [01m[K/home/umarv/ws/src/navigation2_tutorials/nav2_straightline_planner/src/straight_line_planner.cpp:133:5:[m[K [01;35m[Kwarning: [m[Kcontrol reaches end of non-void function [[01;35m[K-Wreturn-type[m[K]
[4.103s]   133 |     [01;35m[K}[m[K
[4.103s]       |     [01;35m[K^[m[K
[4.133s] gmake[2]: *** [CMakeFiles/nav2_straightline_planner_plugin.dir/build.make:76: CMakeFiles/nav2_straightline_planner_plugin.dir/src/straight_line_planner.cpp.o] Error 1
[4.133s] gmake[1]: *** [CMakeFiles/Makefile2:137: CMakeFiles/nav2_straightline_planner_plugin.dir/all] Error 2
[4.134s] gmake: *** [Makefile:146: all] Error 2
[4.137s] Invoked command in '/home/umarv/ws/build/nav2_straightline_planner' returned '2': /usr/bin/cmake --build /home/umarv/ws/build/nav2_straightline_planner -- -j8 -l8
