[0.013s] Invoking command in '/home/umarv/ws/src/build/nav2_straightline_planner': AMENT_PREFIX_PATH=/home/umarv/ws/src/install/nav2_core CMAKE_PREFIX_PATH=/home/umarv/ws/src/install/nav2_core /usr/bin/cmake --build /home/umarv/ws/src/build/nav2_straightline_planner -- -j8 -l8
[0.029s] -- Found ament_cmake: 1.3.5 (/opt/ros/humble/share/ament_cmake/cmake)
[0.091s] Traceback (most recent call last):
[0.091s]   File "/opt/ros/humble/share/ament_cmake_core/cmake/package_templates/templates_2_cmake.py", line 21, in <module>
[0.091s]     from ament_package.templates import get_environment_hook_template_path
[0.091s] ModuleNotFoundError: No module named 'ament_package'
[0.093s] [31mCMake Error at /opt/ros/humble/share/ament_cmake_core/cmake/ament_cmake_package_templates-extras.cmake:41 (message):
[0.093s]   execute_process(/usr/bin/python3.10
[0.093s]   /opt/ros/humble/share/ament_cmake_core/cmake/package_templates/templates_2_cmake.py
[0.093s]   /home/umarv/ws/src/build/nav2_straightline_planner/ament_cmake_package_templates/templates.cmake)
[0.094s]   returned error code 1
[0.094s] Call Stack (most recent call first):
[0.094s]   /opt/ros/humble/share/ament_cmake_core/cmake/ament_cmake_coreConfig.cmake:41 (include)
[0.094s]   /opt/ros/humble/share/ament_cmake/cmake/ament_cmake_export_dependencies-extras.cmake:15 (find_package)
[0.094s]   /opt/ros/humble/share/ament_cmake/cmake/ament_cmakeConfig.cmake:41 (include)
[0.094s]   CMakeLists.txt:12 (find_package)
[0.094s] 
[0.094s] [0m
[0.094s] -- Configuring incomplete, errors occurred!
[0.094s] See also "/home/umarv/ws/src/build/nav2_straightline_planner/CMakeFiles/CMakeOutput.log".
[0.096s] gmake: *** [Makefile:267: cmake_check_build_system] Error 1
[0.097s] Invoked command in '/home/umarv/ws/src/build/nav2_straightline_planner' returned '2': AMENT_PREFIX_PATH=/home/umarv/ws/src/install/nav2_core CMAKE_PREFIX_PATH=/home/umarv/ws/src/install/nav2_core /usr/bin/cmake --build /home/umarv/ws/src/build/nav2_straightline_planner -- -j8 -l8
