[35m[1mConsolidate compiler generated dependencies of target nav2_straightline_planner_plugin[0m
[ 50%] [32mBuilding CXX object CMakeFiles/nav2_straightline_planner_plugin.dir/src/straight_line_planner.cpp.o[0m
In file included from [01m[K/home/umarv/ws/src/navigation2_tutorials/nav2_straightline_planner/src/straight_line_planner.cpp:49[m[K:
[01m[K/home/umarv/ws/src/navigation2_tutorials/nav2_straightline_planner/include/nav2_straightline_planner/rpastar.h:[m[K In member function â€˜[01m[Kconst bool& rpastar::Node::operator==(const rpastar::Node&)[m[Kâ€™:
[01m[K/home/umarv/ws/src/navigation2_tutorials/nav2_straightline_planner/include/nav2_straightline_planner/rpastar.h:42:36:[m[K [01;35m[Kwarning: [m[Kreturning reference to temporary [[01;35m[K-Wreturn-local-addr[m[K]
   42 |                 return [01;35m[Kthis->state == rhs.state[m[K;
      |                        [01;35m[K~~~~~~~~~~~~^~~~~~~~~~~~[m[K
[01m[K/home/umarv/ws/src/navigation2_tutorials/nav2_straightline_planner/src/straight_line_planner.cpp:[m[K In member function â€˜[01m[Kvoid nav2_straightline_planner::StraightLine::generate_path(const nav2_costmap_2d::Costmap2D*, std::vector<std::pair<int, int> >&, std::vector<geometry_msgs::msg::PoseStamped_<std::allocator<void> >, std::allocator<geometry_msgs::msg::PoseStamped_<std::allocator<void> > > >&)[m[Kâ€™:
[01m[K/home/umarv/ws/src/navigation2_tutorials/nav2_straightline_planner/src/straight_line_planner.cpp:169:20:[m[K [01;31m[Kerror: [m[Kâ€˜[01m[KPoseStamped[m[Kâ€™ is not a member of â€˜[01m[Kgeometry_msgs[m[Kâ€™; did you mean â€˜[01m[Kgeometry_msgs::msg::PoseStamped[m[Kâ€™?
  169 |     geometry_msgs::[01;31m[KPoseStamped[m[K pose;
      |                    [01;31m[K^~~~~~~~~~~[m[K
In file included from [01m[K/opt/ros/humble/include/geometry_msgs/geometry_msgs/msg/pose_stamped.hpp:7[m[K,
                 from [01m[K/home/umarv/ws/src/navigation2_tutorials/nav2_straightline_planner/include/nav2_straightline_planner/straight_line_planner.hpp:49[m[K,
                 from [01m[K/home/umarv/ws/src/navigation2_tutorials/nav2_straightline_planner/src/straight_line_planner.cpp:48[m[K:
[01m[K/opt/ros/humble/include/geometry_msgs/geometry_msgs/msg/detail/pose_stamped__struct.hpp:135:7:[m[K [01;36m[Knote: [m[Kâ€˜[01m[Kgeometry_msgs::msg::PoseStamped[m[Kâ€™ declared here
  135 | using [01;36m[KPoseStamped[m[K =
      |       [01;36m[K^~~~~~~~~~~[m[K
[01m[K/home/umarv/ws/src/navigation2_tutorials/nav2_straightline_planner/src/straight_line_planner.cpp:170:5:[m[K [01;31m[Kerror: [m[Kâ€˜[01m[Kpose[m[Kâ€™ was not declared in this scope
  170 |     [01;31m[Kpose[m[K.pose.orientation.w = 0.5;
      |     [01;31m[K^~~~[m[K
[01m[K/home/umarv/ws/src/navigation2_tutorials/nav2_straightline_planner/src/straight_line_planner.cpp:[m[K At global scope:
[01m[K/home/umarv/ws/src/navigation2_tutorials/nav2_straightline_planner/src/straight_line_planner.cpp:188:21:[m[K [01;31m[Kerror: [m[Kredefinition of â€˜[01m[Knav_msgs::msg::Path nav2_straightline_planner::StraightLine::createPlan(const PoseStamped&, const PoseStamped&)[m[Kâ€™
  188 | nav_msgs::msg::Path [01;31m[KStraightLine[m[K::createPlan(
      |                     [01;31m[K^~~~~~~~~~~~[m[K
[01m[K/home/umarv/ws/src/navigation2_tutorials/nav2_straightline_planner/src/straight_line_planner.cpp:94:21:[m[K [01;36m[Knote: [m[Kâ€˜[01m[Kvirtual nav_msgs::msg::Path nav2_straightline_planner::StraightLine::createPlan(const PoseStamped&, const PoseStamped&)[m[Kâ€™ previously defined here
   94 | nav_msgs::msg::Path [01;36m[KStraightLine[m[K::createPlan(
      |                     [01;36m[K^~~~~~~~~~~~[m[K
gmake[2]: *** [CMakeFiles/nav2_straightline_planner_plugin.dir/build.make:76: CMakeFiles/nav2_straightline_planner_plugin.dir/src/straight_line_planner.cpp.o] Error 1
gmake[1]: *** [CMakeFiles/Makefile2:137: CMakeFiles/nav2_straightline_planner_plugin.dir/all] Error 2
gmake: *** [Makefile:146: all] Error 2
