[0.181s] Invoking command in '/home/umarv/ws/build/nav2_straightline_planner': /usr/bin/cmake --build /home/umarv/ws/build/nav2_straightline_planner -- -j8 -l8
[0.195s] -- Found ament_cmake: 1.3.5 (/opt/ros/humble/share/ament_cmake/cmake)
[0.283s] Traceback (most recent call last):
[0.284s]   File "/opt/ros/humble/share/ament_cmake_core/cmake/package_templates/templates_2_cmake.py", line 21, in <module>
[0.284s]     from ament_package.templates import get_environment_hook_template_path
[0.284s] ModuleNotFoundError: No module named 'ament_package'
[0.284s] [31mCMake Error at /opt/ros/humble/share/ament_cmake_core/cmake/ament_cmake_package_templates-extras.cmake:41 (message):
[0.286s]   execute_process(/usr/bin/python3.10
[0.286s]   /opt/ros/humble/share/ament_cmake_core/cmake/package_templates/templates_2_cmake.py
[0.286s]   /home/umarv/ws/build/nav2_straightline_planner/ament_cmake_package_templates/templates.cmake)
[0.287s]   returned error code 1
[0.288s] Call Stack (most recent call first):
[0.288s]   /opt/ros/humble/share/ament_cmake_core/cmake/ament_cmake_coreConfig.cmake:41 (include)
[0.289s]   /opt/ros/humble/share/ament_cmake/cmake/ament_cmake_export_dependencies-extras.cmake:15 (find_package)
[0.290s]   /opt/ros/humble/share/ament_cmake/cmake/ament_cmakeConfig.cmake:41 (include)
[0.291s]   CMakeLists.txt:12 (find_package)
[0.291s] 
[0.291s] [0m
[0.292s] -- Configuring incomplete, errors occurred!
[0.292s] See also "/home/umarv/ws/build/nav2_straightline_planner/CMakeFiles/CMakeOutput.log".
[0.293s] gmake: *** [Makefile:267: cmake_check_build_system] Error 1
[0.313s] Invoked command in '/home/umarv/ws/build/nav2_straightline_planner' returned '2': /usr/bin/cmake --build /home/umarv/ws/build/nav2_straightline_planner -- -j8 -l8
