[0.175s] Invoking command in '/home/umarv/ws/build/nav2_straightline_planner': /usr/bin/cmake --build /home/umarv/ws/build/nav2_straightline_planner -- -j8 -l8
[0.201s] [35m[1mConsolidate compiler generated dependencies of target nav2_straightline_planner_plugin[0m
[0.216s] [ 50%] [32mBuilding CXX object CMakeFiles/nav2_straightline_planner_plugin.dir/src/straight_line_planner.cpp.o[0m
[2.770s] In file included from [01m[K/home/umarv/ws/src/navigation2_tutorials/nav2_straightline_planner/src/straight_line_planner.cpp:49[m[K:
[2.770s] [01m[K/home/umarv/ws/src/navigation2_tutorials/nav2_straightline_planner/include/nav2_straightline_planner/rpastar.h:[m[K In member function â€˜[01m[Kconst bool& rpastar::Node::operator==(const rpastar::Node&)[m[Kâ€™:
[2.770s] [01m[K/home/umarv/ws/src/navigation2_tutorials/nav2_straightline_planner/include/nav2_straightline_planner/rpastar.h:42:36:[m[K [01;35m[Kwarning: [m[Kreturning reference to temporary [[01;35m[K-Wreturn-local-addr[m[K]
[2.771s]    42 |                 return [01;35m[Kthis->state == rhs.state[m[K;
[2.771s]       |                        [01;35m[K~~~~~~~~~~~~^~~~~~~~~~~~[m[K
[2.786s] [01m[K/home/umarv/ws/src/navigation2_tutorials/nav2_straightline_planner/src/straight_line_planner.cpp:[m[K In member function â€˜[01m[Kbool nav2_straightline_planner::StraightLine::makePlan(const PoseStamped&, const PoseStamped&, std::vector<geometry_msgs::msg::PoseStamped_<std::allocator<void> >, std::allocator<geometry_msgs::msg::PoseStamped_<std::allocator<void> > > >&)[m[Kâ€™:
[2.786s] [01m[K/home/umarv/ws/src/navigation2_tutorials/nav2_straightline_planner/src/straight_line_planner.cpp:131:8:[m[K [01;31m[Kerror: [m[Kâ€˜[01m[Kcost[m[Kâ€™ was not declared in this scope; did you mean â€˜[01m[Kcosl[m[Kâ€™?
[2.786s]   131 |     if([01;31m[Kcost[m[K)
[2.786s]       |        [01;31m[K^~~~[m[K
[2.786s]       |        [32m[Kcosl[m[K
[2.790s] [01m[K/home/umarv/ws/src/navigation2_tutorials/nav2_straightline_planner/src/straight_line_planner.cpp:156:51:[m[K [01;31m[Kerror: [m[Kno matching function for call to â€˜[01m[Krpastar::rpastar(const PoseStamped&, const PoseStamped&, nav2_costmap_2d::Costmap2D*&)[m[Kâ€™
[2.790s]   156 |     rpastar runner = rpastar(start, goal, costmap_[01;31m[K)[m[K;
[2.790s]       |                                                   [01;31m[K^[m[K
[2.790s] In file included from [01m[K/home/umarv/ws/src/navigation2_tutorials/nav2_straightline_planner/src/straight_line_planner.cpp:49[m[K:
[2.790s] [01m[K/home/umarv/ws/src/navigation2_tutorials/nav2_straightline_planner/include/nav2_straightline_planner/rpastar.h:64:9:[m[K [01;36m[Knote: [m[Kcandidate: â€˜[01m[Krpastar::rpastar(std::pair<int, int>, std::pair<int, int>, nav2_costmap_2d::Costmap2D*)[m[Kâ€™
[2.791s]    64 |         [01;36m[Krpastar[m[K(std::pair<int,int> start_state_in, std::pair<int,int> target_state_in, nav2_costmap_2d::Costmap2D* msg);
[2.791s]       |         [01;36m[K^~~~~~~[m[K
[2.791s] [01m[K/home/umarv/ws/src/navigation2_tutorials/nav2_straightline_planner/include/nav2_straightline_planner/rpastar.h:64:36:[m[K [01;36m[Knote: [m[K  no known conversion for argument 1 from â€˜[01m[Kconst PoseStamped[m[Kâ€™ {aka â€˜[01m[Kconst geometry_msgs::msg::PoseStamped_<std::allocator<void> >[m[Kâ€™} to â€˜[01m[Kstd::pair<int, int>[m[Kâ€™
[2.791s]    64 |         rpastar([01;36m[Kstd::pair<int,int> start_state_in[m[K, std::pair<int,int> target_state_in, nav2_costmap_2d::Costmap2D* msg);
[2.791s]       |                 [01;36m[K~~~~~~~~~~~~~~~~~~~^~~~~~~~~~~~~~[m[K
[2.791s] [01m[K/home/umarv/ws/src/navigation2_tutorials/nav2_straightline_planner/include/nav2_straightline_planner/rpastar.h:12:7:[m[K [01;36m[Knote: [m[Kcandidate: â€˜[01m[Krpastar::rpastar(const rpastar&)[m[Kâ€™
[2.791s]    12 | class [01;36m[Krpastar[m[K
[2.791s]       |       [01;36m[K^~~~~~~[m[K
[2.792s] [01m[K/home/umarv/ws/src/navigation2_tutorials/nav2_straightline_planner/include/nav2_straightline_planner/rpastar.h:12:7:[m[K [01;36m[Knote: [m[K  candidate expects 1 argument, 3 provided
[2.792s] [01m[K/home/umarv/ws/src/navigation2_tutorials/nav2_straightline_planner/include/nav2_straightline_planner/rpastar.h:12:7:[m[K [01;36m[Knote: [m[Kcandidate: â€˜[01m[Krpastar::rpastar(rpastar&&)[m[Kâ€™
[2.792s] [01m[K/home/umarv/ws/src/navigation2_tutorials/nav2_straightline_planner/include/nav2_straightline_planner/rpastar.h:12:7:[m[K [01;36m[Knote: [m[K  candidate expects 1 argument, 3 provided
[3.972s] gmake[2]: *** [CMakeFiles/nav2_straightline_planner_plugin.dir/build.make:76: CMakeFiles/nav2_straightline_planner_plugin.dir/src/straight_line_planner.cpp.o] Error 1
[3.972s] gmake[1]: *** [CMakeFiles/Makefile2:137: CMakeFiles/nav2_straightline_planner_plugin.dir/all] Error 2
[3.973s] gmake: *** [Makefile:146: all] Error 2
[3.975s] Invoked command in '/home/umarv/ws/build/nav2_straightline_planner' returned '2': /usr/bin/cmake --build /home/umarv/ws/build/nav2_straightline_planner -- -j8 -l8
