[0.177s] Invoking command in '/home/umarv/ws/build/nav2_straightline_planner': /usr/bin/cmake --build /home/umarv/ws/build/nav2_straightline_planner -- -j8 -l8
[0.207s] [35m[1mConsolidate compiler generated dependencies of target nav2_straightline_planner_plugin[0m
[0.224s] [ 50%] [32mBuilding CXX object CMakeFiles/nav2_straightline_planner_plugin.dir/src/straight_line_planner.cpp.o[0m
[2.793s] [01m[K/home/umarv/ws/src/navigation2_tutorials/nav2_straightline_planner/src/straight_line_planner.cpp:[m[K In member function â€˜[01m[Kvirtual nav_msgs::msg::Path nav2_straightline_planner::StraightLine::createPlan(const PoseStamped&, const PoseStamped&)[m[Kâ€™:
[2.793s] [01m[K/home/umarv/ws/src/navigation2_tutorials/nav2_straightline_planner/src/straight_line_planner.cpp:118:33:[m[K [01;31m[Kerror: [m[Kâ€˜[01m[Kpose[m[Kâ€™ was not declared in this scope
[2.793s]   118 |     global_path.poses.push_back([01;31m[Kpose[m[K);
[2.793s]       |                                 [01;31m[K^~~~[m[K
[2.793s] [01m[K/home/umarv/ws/src/navigation2_tutorials/nav2_straightline_planner/src/straight_line_planner.cpp:[m[K At global scope:
[2.793s] [01m[K/home/umarv/ws/src/navigation2_tutorials/nav2_straightline_planner/src/straight_line_planner.cpp:123:6:[m[K [01;31m[Kerror: [m[Kâ€˜[01m[Kstraight_line_planner[m[Kâ€™ has not been declared
[2.793s]   123 | bool [01;31m[Kstraight_line_planner[m[K::makePlan(const geometry_msgs::msg::PoseStamped& start, const geometry_msgs::msg::PoseStamped& goal, std::vector<geometry_msgs::msg::PoseStamped>& plan){
[2.793s]       |      [01;31m[K^~~~~~~~~~~~~~~~~~~~~[m[K
[2.797s] [01m[K/home/umarv/ws/src/navigation2_tutorials/nav2_straightline_planner/src/straight_line_planner.cpp:[m[K In function â€˜[01m[Kbool nav2_straightline_planner::makePlan(const PoseStamped&, const PoseStamped&, std::vector<geometry_msgs::msg::PoseStamped_<std::allocator<void> >, std::allocator<geometry_msgs::msg::PoseStamped_<std::allocator<void> > > >&)[m[Kâ€™:
[2.798s] [01m[K/home/umarv/ws/src/navigation2_tutorials/nav2_straightline_planner/src/straight_line_planner.cpp:124:6:[m[K [01;31m[Kerror: [m[Kâ€˜[01m[Kinitialized_[m[Kâ€™ was not declared in this scope
[2.798s]   124 |  if(![01;31m[Kinitialized_[m[K){
[2.798s]       |      [01;31m[K^~~~~~~~~~~~[m[K
[2.801s] [01m[K/home/umarv/ws/src/navigation2_tutorials/nav2_straightline_planner/src/straight_line_planner.cpp:125:9:[m[K [01;31m[Kerror: [m[Kâ€˜[01m[KROS_ERROR[m[Kâ€™ was not declared in this scope
[2.801s]   125 |         [01;31m[KROS_ERROR[m[K("The planner has not been initialized, please call initialize() to use the planner");
[2.801s]       |         [01;31m[K^~~~~~~~~[m[K
[2.804s] [01m[K/home/umarv/ws/src/navigation2_tutorials/nav2_straightline_planner/src/straight_line_planner.cpp:129:5:[m[K [01;31m[Kerror: [m[Kâ€˜[01m[KROS_DEBUG[m[Kâ€™ was not declared in this scope
[2.804s]   129 |     [01;31m[KROS_DEBUG[m[K("Got a start: %.2f, %.2f, and a goal: %.2f, %.2f", start.pose.position.x, start.pose.position.y, goal.pose.position.x, goal.pose.position.y);
[2.804s]       |     [01;31m[K^~~~~~~~~[m[K
[2.807s] [01m[K/home/umarv/ws/src/navigation2_tutorials/nav2_straightline_planner/src/straight_line_planner.cpp:[m[K At global scope:
[2.807s] [01m[K/home/umarv/ws/src/navigation2_tutorials/nav2_straightline_planner/src/straight_line_planner.cpp:134:24:[m[K [01;31m[Kerror: [m[Kâ€˜[01m[Kstart[m[Kâ€™ was not declared in this scope
[2.807s]   134 |     int pos_x = (int)(([01;31m[Kstart[m[K.pose.position.x - costmap_->getOriginX()) / costmap_->getResolution());
[2.807s]       |                        [01;31m[K^~~~~[m[K
[2.810s] [01m[K/home/umarv/ws/src/navigation2_tutorials/nav2_straightline_planner/src/straight_line_planner.cpp:134:48:[m[K [01;31m[Kerror: [m[Kâ€˜[01m[Kcostmap_[m[Kâ€™ was not declared in this scope
[2.811s]   134 |     int pos_x = (int)((start.pose.position.x - [01;31m[Kcostmap_[m[K->getOriginX()) / costmap_->getResolution());
[2.811s]       |                                                [01;31m[K^~~~~~~~[m[K
[2.814s] [01m[K/home/umarv/ws/src/navigation2_tutorials/nav2_straightline_planner/src/straight_line_planner.cpp:134:74:[m[K [01;31m[Kerror: [m[Kâ€˜[01m[Kcostmap_[m[Kâ€™ was not declared in this scope
[2.814s]   134 |     int pos_x = (int)((start.pose.position.x - costmap_->getOriginX()) / [01;31m[Kcostmap_[m[K->getResolution());
[2.814s]       |                                                                          [01;31m[K^~~~~~~~[m[K
[2.817s] [01m[K/home/umarv/ws/src/navigation2_tutorials/nav2_straightline_planner/src/straight_line_planner.cpp:135:24:[m[K [01;31m[Kerror: [m[Kâ€˜[01m[Kstart[m[Kâ€™ was not declared in this scope
[2.817s]   135 |     int pos_y = (int)(([01;31m[Kstart[m[K.pose.position.y - costmap_->getOriginY()) / costmap_->getResolution());
[2.817s]       |                        [01;31m[K^~~~~[m[K
[2.820s] [01m[K/home/umarv/ws/src/navigation2_tutorials/nav2_straightline_planner/src/straight_line_planner.cpp:135:48:[m[K [01;31m[Kerror: [m[Kâ€˜[01m[Kcostmap_[m[Kâ€™ was not declared in this scope
[2.820s]   135 |     int pos_y = (int)((start.pose.position.y - [01;31m[Kcostmap_[m[K->getOriginY()) / costmap_->getResolution());
[2.820s]       |                                                [01;31m[K^~~~~~~~[m[K
[2.823s] [01m[K/home/umarv/ws/src/navigation2_tutorials/nav2_straightline_planner/src/straight_line_planner.cpp:135:74:[m[K [01;31m[Kerror: [m[Kâ€˜[01m[Kcostmap_[m[Kâ€™ was not declared in this scope
[2.823s]   135 |     int pos_y = (int)((start.pose.position.y - costmap_->getOriginY()) / [01;31m[Kcostmap_[m[K->getResolution());
[2.823s]       |                                                                          [01;31m[K^~~~~~~~[m[K
[2.826s] [01m[K/home/umarv/ws/src/navigation2_tutorials/nav2_straightline_planner/src/straight_line_planner.cpp:137:25:[m[K [01;31m[Kerror: [m[Kâ€˜[01m[Kgoal[m[Kâ€™ was not declared in this scope; did you mean â€˜[01m[Kgoal_x[m[Kâ€™?
[2.826s]   137 |     int goal_x = (int)(([01;31m[Kgoal[m[K.pose.position.x - costmap_->getOriginX()) / costmap_->getResolution());
[2.826s]       |                         [01;31m[K^~~~[m[K
[2.826s]       |                         [32m[Kgoal_x[m[K
[2.829s] [01m[K/home/umarv/ws/src/navigation2_tutorials/nav2_straightline_planner/src/straight_line_planner.cpp:137:48:[m[K [01;31m[Kerror: [m[Kâ€˜[01m[Kcostmap_[m[Kâ€™ was not declared in this scope
[2.829s]   137 |     int goal_x = (int)((goal.pose.position.x - [01;31m[Kcostmap_[m[K->getOriginX()) / costmap_->getResolution());
[2.829s]       |                                                [01;31m[K^~~~~~~~[m[K
[2.832s] [01m[K/home/umarv/ws/src/navigation2_tutorials/nav2_straightline_planner/src/straight_line_planner.cpp:137:74:[m[K [01;31m[Kerror: [m[Kâ€˜[01m[Kcostmap_[m[Kâ€™ was not declared in this scope
[2.832s]   137 |     int goal_x = (int)((goal.pose.position.x - costmap_->getOriginX()) / [01;31m[Kcostmap_[m[K->getResolution());
[2.832s]       |                                                                          [01;31m[K^~~~~~~~[m[K
[2.834s] [01m[K/home/umarv/ws/src/navigation2_tutorials/nav2_straightline_planner/src/straight_line_planner.cpp:138:25:[m[K [01;31m[Kerror: [m[Kâ€˜[01m[Kgoal[m[Kâ€™ was not declared in this scope; did you mean â€˜[01m[Kgoal_y[m[Kâ€™?
[2.834s]   138 |     int goal_y = (int)(([01;31m[Kgoal[m[K.pose.position.y - costmap_->getOriginY()) / costmap_->getResolution());
[2.834s]       |                         [01;31m[K^~~~[m[K
[2.834s]       |                         [32m[Kgoal_y[m[K
[2.836s] [01m[K/home/umarv/ws/src/navigation2_tutorials/nav2_straightline_planner/src/straight_line_planner.cpp:138:48:[m[K [01;31m[Kerror: [m[Kâ€˜[01m[Kcostmap_[m[Kâ€™ was not declared in this scope
[2.837s]   138 |     int goal_y = (int)((goal.pose.position.y - [01;31m[Kcostmap_[m[K->getOriginY()) / costmap_->getResolution());
[2.837s]       |                                                [01;31m[K^~~~~~~~[m[K
[2.839s] [01m[K/home/umarv/ws/src/navigation2_tutorials/nav2_straightline_planner/src/straight_line_planner.cpp:138:74:[m[K [01;31m[Kerror: [m[Kâ€˜[01m[Kcostmap_[m[Kâ€™ was not declared in this scope
[2.839s]   138 |     int goal_y = (int)((goal.pose.position.y - costmap_->getOriginY()) / [01;31m[Kcostmap_[m[K->getResolution());
[2.839s]       |                                                                          [01;31m[K^~~~~~~~[m[K
[2.840s] [01m[K/home/umarv/ws/src/navigation2_tutorials/nav2_straightline_planner/src/straight_line_planner.cpp:147:10:[m[K [01;31m[Kerror: [m[Kâ€˜[01m[Kcout[m[Kâ€™ in namespace â€˜[01m[Kstd[m[Kâ€™ does not name a type
[2.840s]   147 |     std::[01;31m[Kcout[m[K << pos_x << " " << pos_y << std::endl;
[2.840s]       |          [01;31m[K^~~~[m[K
[2.840s] In file included from [01m[K/opt/ros/humble/include/rclcpp/rclcpp/executor.hpp:22[m[K,
[2.840s]                  from [01m[K/opt/ros/humble/include/rclcpp/rclcpp/executors/multi_threaded_executor.hpp:25[m[K,
[2.840s]                  from [01m[K/opt/ros/humble/include/rclcpp/rclcpp/executors.hpp:21[m[K,
[2.840s]                  from [01m[K/opt/ros/humble/include/rclcpp/rclcpp/rclcpp.hpp:155[m[K,
[2.840s]                  from [01m[K/opt/ros/humble/include/nav2_util/node_utils.hpp:20[m[K,
[2.840s]                  from [01m[K/home/umarv/ws/src/navigation2_tutorials/nav2_straightline_planner/src/straight_line_planner.cpp:44[m[K:
[2.840s] [01m[K/usr/include/c++/11/iostream:61:18:[m[K [01;36m[Knote: [m[Kâ€˜[01m[Kstd::cout[m[Kâ€™ declared here
[2.840s]    61 |   extern ostream [01;36m[Kcout[m[K;          /// Linked to standard output
[2.840s]       |                  [01;36m[K^~~~[m[K
[2.840s] [01m[K/home/umarv/ws/src/navigation2_tutorials/nav2_straightline_planner/src/straight_line_planner.cpp:148:10:[m[K [01;31m[Kerror: [m[Kâ€˜[01m[Kcout[m[Kâ€™ in namespace â€˜[01m[Kstd[m[Kâ€™ does not name a type
[2.840s]   148 |     std::[01;31m[Kcout[m[K << goal_x << " " << goal_y << std::endl;
[2.841s]       |          [01;31m[K^~~~[m[K
[2.841s] In file included from [01m[K/opt/ros/humble/include/rclcpp/rclcpp/executor.hpp:22[m[K,
[2.841s]                  from [01m[K/opt/ros/humble/include/rclcpp/rclcpp/executors/multi_threaded_executor.hpp:25[m[K,
[2.841s]                  from [01m[K/opt/ros/humble/include/rclcpp/rclcpp/executors.hpp:21[m[K,
[2.841s]                  from [01m[K/opt/ros/humble/include/rclcpp/rclcpp/rclcpp.hpp:155[m[K,
[2.841s]                  from [01m[K/opt/ros/humble/include/nav2_util/node_utils.hpp:20[m[K,
[2.841s]                  from [01m[K/home/umarv/ws/src/navigation2_tutorials/nav2_straightline_planner/src/straight_line_planner.cpp:44[m[K:
[2.841s] [01m[K/usr/include/c++/11/iostream:61:18:[m[K [01;36m[Knote: [m[Kâ€˜[01m[Kstd::cout[m[Kâ€™ declared here
[2.841s]    61 |   extern ostream [01;36m[Kcout[m[K;          /// Linked to standard output
[2.841s]       |                  [01;36m[K^~~~[m[K
[2.841s] [01m[K/home/umarv/ws/src/navigation2_tutorials/nav2_straightline_planner/src/straight_line_planner.cpp:149:10:[m[K [01;31m[Kerror: [m[Kâ€˜[01m[Kcout[m[Kâ€™ in namespace â€˜[01m[Kstd[m[Kâ€™ does not name a type
[2.841s]   149 |     std::[01;31m[Kcout[m[K << "Running A*..." << std::endl << std::endl;
[2.841s]       |          [01;31m[K^~~~[m[K
[2.841s] In file included from [01m[K/opt/ros/humble/include/rclcpp/rclcpp/executor.hpp:22[m[K,
[2.842s]                  from [01m[K/opt/ros/humble/include/rclcpp/rclcpp/executors/multi_threaded_executor.hpp:25[m[K,
[2.842s]                  from [01m[K/opt/ros/humble/include/rclcpp/rclcpp/executors.hpp:21[m[K,
[2.842s]                  from [01m[K/opt/ros/humble/include/rclcpp/rclcpp/rclcpp.hpp:155[m[K,
[2.842s]                  from [01m[K/opt/ros/humble/include/nav2_util/node_utils.hpp:20[m[K,
[2.842s]                  from [01m[K/home/umarv/ws/src/navigation2_tutorials/nav2_straightline_planner/src/straight_line_planner.cpp:44[m[K:
[2.842s] [01m[K/usr/include/c++/11/iostream:61:18:[m[K [01;36m[Knote: [m[Kâ€˜[01m[Kstd::cout[m[Kâ€™ declared here
[2.842s]    61 |   extern ostream [01;36m[Kcout[m[K;          /// Linked to standard output
[2.842s]       |                  [01;36m[K^~~~[m[K
[2.844s] [01m[K/home/umarv/ws/src/navigation2_tutorials/nav2_straightline_planner/src/straight_line_planner.cpp:153:5:[m[K [01;31m[Kerror: [m[Kâ€˜[01m[Krpastar[m[Kâ€™ does not name a type
[2.844s]   153 |     [01;31m[Krpastar[m[K runner(first, last, costmap_);
[2.844s]       |     [01;31m[K^~~~~~~[m[K
[2.845s] [01m[K/home/umarv/ws/src/navigation2_tutorials/nav2_straightline_planner/src/straight_line_planner.cpp:154:5:[m[K [01;31m[Kerror: [m[Kâ€˜[01m[Krunner[m[Kâ€™ does not name a type
[2.845s]   154 |     [01;31m[Krunner[m[K.search();
[2.845s]       |     [01;31m[K^~~~~~[m[K
[2.845s] [01m[K/home/umarv/ws/src/navigation2_tutorials/nav2_straightline_planner/src/straight_line_planner.cpp:155:5:[m[K [01;31m[Kerror: [m[Kexpected unqualified-id before â€˜[01m[Kif[m[Kâ€™
[2.846s]   155 |     [01;31m[Kif[m[K (runner.goal_found())
[2.846s]       |     [01;31m[K^~[m[K
[2.846s] [01m[K/home/umarv/ws/src/navigation2_tutorials/nav2_straightline_planner/src/straight_line_planner.cpp:161:10:[m[K [01;31m[Kerror: [m[Kâ€˜[01m[Kcout[m[Kâ€™ in namespace â€˜[01m[Kstd[m[Kâ€™ does not name a type
[2.846s]   161 |     std::[01;31m[Kcout[m[K << "done with make plan\n";
[2.846s]       |          [01;31m[K^~~~[m[K
[2.846s] In file included from [01m[K/opt/ros/humble/include/rclcpp/rclcpp/executor.hpp:22[m[K,
[2.846s]                  from [01m[K/opt/ros/humble/include/rclcpp/rclcpp/executors/multi_threaded_executor.hpp:25[m[K,
[2.846s]                  from [01m[K/opt/ros/humble/include/rclcpp/rclcpp/executors.hpp:21[m[K,
[2.846s]                  from [01m[K/opt/ros/humble/include/rclcpp/rclcpp/rclcpp.hpp:155[m[K,
[2.846s]                  from [01m[K/opt/ros/humble/include/nav2_util/node_utils.hpp:20[m[K,
[2.846s]                  from [01m[K/home/umarv/ws/src/navigation2_tutorials/nav2_straightline_planner/src/straight_line_planner.cpp:44[m[K:
[2.847s] [01m[K/usr/include/c++/11/iostream:61:18:[m[K [01;36m[Knote: [m[Kâ€˜[01m[Kstd::cout[m[Kâ€™ declared here
[2.847s]    61 |   extern ostream [01;36m[Kcout[m[K;          /// Linked to standard output
[2.847s]       |                  [01;36m[K^~~~[m[K
[2.847s] [01m[K/home/umarv/ws/src/navigation2_tutorials/nav2_straightline_planner/src/straight_line_planner.cpp:163:5:[m[K [01;31m[Kerror: [m[Kexpected unqualified-id before â€˜[01m[Kreturn[m[Kâ€™
[2.847s]   163 |     [01;31m[Kreturn[m[K true;
[2.847s]       |     [01;31m[K^~~~~~[m[K
[2.847s] [01m[K/home/umarv/ws/src/navigation2_tutorials/nav2_straightline_planner/src/straight_line_planner.cpp:166:6:[m[K [01;31m[Kerror: [m[Kâ€˜[01m[Kstraight_line_planer[m[Kâ€™ has not been declared
[2.847s]   166 | void [01;31m[Kstraight_line_planer[m[K::generate_path(const nav2_costmap_2d::Costmap2D* map, std::vector<std::pair<int,int>> &path, std::vector<geometry_msgs::PoseStamped>& plan)
[2.847s]       |      [01;31m[K^~~~~~~~~~~~~~~~~~~~[m[K
[2.847s] [01m[K/home/umarv/ws/src/navigation2_tutorials/nav2_straightline_planner/src/straight_line_planner.cpp:166:147:[m[K [01;31m[Kerror: [m[Kâ€˜[01m[KPoseStamped[m[Kâ€™ is not a member of â€˜[01m[Kgeometry_msgs[m[Kâ€™; did you mean â€˜[01m[Kgeometry_msgs::msg::PoseStamped[m[Kâ€™?
[2.848s]   166 |  nav2_costmap_2d::Costmap2D* map, std::vector<std::pair<int,int>> &path, std::vector<geometry_msgs::[01;31m[KPoseStamped[m[K>& plan)
[2.848s]       |                                                                                                     [01;31m[K^~~~~~~~~~~[m[K
[2.848s] 
[2.848s] In file included from [01m[K/opt/ros/humble/include/geometry_msgs/geometry_msgs/msg/pose_stamped.hpp:7[m[K,
[2.848s]                  from [01m[K/home/umarv/ws/src/navigation2_tutorials/nav2_straightline_planner/include/nav2_straightline_planner/straight_line_planner.hpp:49[m[K,
[2.848s]                  from [01m[K/home/umarv/ws/src/navigation2_tutorials/nav2_straightline_planner/src/straight_line_planner.cpp:46[m[K:
[2.848s] [01m[K/opt/ros/humble/include/geometry_msgs/geometry_msgs/msg/detail/pose_stamped__struct.hpp:135:7:[m[K [01;36m[Knote: [m[Kâ€˜[01m[Kgeometry_msgs::msg::PoseStamped[m[Kâ€™ declared here
[2.848s]   135 | using [01;36m[KPoseStamped[m[K =
[2.848s]       |       [01;36m[K^~~~~~~~~~~[m[K
[2.848s] [01m[K/home/umarv/ws/src/navigation2_tutorials/nav2_straightline_planner/src/straight_line_planner.cpp:166:158:[m[K [01;31m[Kerror: [m[Ktemplate argument 1 is invalid
[2.848s]   166 | stmap_2d::Costmap2D* map, std::vector<std::pair<int,int>> &path, std::vector<geometry_msgs::PoseStamped[01;31m[K>[m[K& plan)
[2.849s]       |                                                                                                        [01;31m[K^[m[K
[2.849s] 
[2.849s] [01m[K/home/umarv/ws/src/navigation2_tutorials/nav2_straightline_planner/src/straight_line_planner.cpp:166:158:[m[K [01;31m[Kerror: [m[Ktemplate argument 2 is invalid
[2.849s] [01m[K/home/umarv/ws/src/navigation2_tutorials/nav2_straightline_planner/src/straight_line_planner.cpp:[m[K In function â€˜[01m[Kvoid generate_path(const nav2_costmap_2d::Costmap2D*, std::vector<std::pair<int, int> >&, int&)[m[Kâ€™:
[2.849s] [01m[K/home/umarv/ws/src/navigation2_tutorials/nav2_straightline_planner/src/straight_line_planner.cpp:168:20:[m[K [01;31m[Kerror: [m[Kâ€˜[01m[KPoseStamped[m[Kâ€™ is not a member of â€˜[01m[Kgeometry_msgs[m[Kâ€™; did you mean â€˜[01m[Kgeometry_msgs::msg::PoseStamped[m[Kâ€™?
[2.849s]   168 |     geometry_msgs::[01;31m[KPoseStamped[m[K pose;
[2.849s]       |                    [01;31m[K^~~~~~~~~~~[m[K
[2.849s] In file included from [01m[K/opt/ros/humble/include/geometry_msgs/geometry_msgs/msg/pose_stamped.hpp:7[m[K,
[2.849s]                  from [01m[K/home/umarv/ws/src/navigation2_tutorials/nav2_straightline_planner/include/nav2_straightline_planner/straight_line_planner.hpp:49[m[K,
[2.849s]                  from [01m[K/home/umarv/ws/src/navigation2_tutorials/nav2_straightline_planner/src/straight_line_planner.cpp:46[m[K:
[2.849s] [01m[K/opt/ros/humble/include/geometry_msgs/geometry_msgs/msg/detail/pose_stamped__struct.hpp:135:7:[m[K [01;36m[Knote: [m[Kâ€˜[01m[Kgeometry_msgs::msg::PoseStamped[m[Kâ€™ declared here
[2.850s]   135 | using [01;36m[KPoseStamped[m[K =
[2.850s]       |       [01;36m[K^~~~~~~~~~~[m[K
[2.850s] [01m[K/home/umarv/ws/src/navigation2_tutorials/nav2_straightline_planner/src/straight_line_planner.cpp:169:5:[m[K [01;31m[Kerror: [m[Kâ€˜[01m[Kpose[m[Kâ€™ was not declared in this scope
[2.850s]   169 |     [01;31m[Kpose[m[K.pose.orientation.w = 0.5;
[2.850s]       |     [01;31m[K^~~~[m[K
[2.852s] [01m[K/home/umarv/ws/src/navigation2_tutorials/nav2_straightline_planner/src/straight_line_planner.cpp:181:14:[m[K [01;31m[Kerror: [m[Krequest for member â€˜[01m[Kpush_back[m[Kâ€™ in â€˜[01m[Kplan[m[Kâ€™, which is of non-class type â€˜[01m[Kint[m[Kâ€™
[2.852s]   181 |         plan.[01;31m[Kpush_back[m[K(pose);
[2.852s]       |              [01;31m[K^~~~~~~~~[m[K
[2.852s] [01m[K/home/umarv/ws/src/navigation2_tutorials/nav2_straightline_planner/src/straight_line_planner.cpp:[m[K At global scope:
[2.852s] [01m[K/home/umarv/ws/src/navigation2_tutorials/nav2_straightline_planner/src/straight_line_planner.cpp:187:21:[m[K [01;31m[Kerror: [m[Kâ€˜[01m[KStraightLine[m[Kâ€™ has not been declared
[2.852s]   187 | nav_msgs::msg::Path [01;31m[KStraightLine[m[K::createPlan(
[2.852s]       |                     [01;31m[K^~~~~~~~~~~~[m[K
[2.856s] [01m[K/home/umarv/ws/src/navigation2_tutorials/nav2_straightline_planner/src/straight_line_planner.cpp:[m[K In function â€˜[01m[Knav_msgs::msg::Path createPlan(const PoseStamped&, const PoseStamped&)[m[Kâ€™:
[2.856s] [01m[K/home/umarv/ws/src/navigation2_tutorials/nav2_straightline_planner/src/straight_line_planner.cpp:194:32:[m[K [01;31m[Kerror: [m[Kâ€˜[01m[Kglobal_frame_[m[Kâ€™ was not declared in this scope; did you mean â€˜[01m[Kglobal_path[m[Kâ€™?
[2.856s]   194 |   if (start.header.frame_id != [01;31m[Kglobal_frame_[m[K) {
[2.856s]       |                                [01;31m[K^~~~~~~~~~~~~[m[K
[2.856s]       |                                [32m[Kglobal_path[m[K
[2.859s] In file included from [01m[K/opt/ros/humble/include/rclcpp/rclcpp/client.hpp:40[m[K,
[2.859s]                  from [01m[K/opt/ros/humble/include/rclcpp/rclcpp/callback_group.hpp:24[m[K,
[2.859s]                  from [01m[K/opt/ros/humble/include/rclcpp/rclcpp/any_executable.hpp:20[m[K,
[2.859s]                  from [01m[K/opt/ros/humble/include/rclcpp/rclcpp/memory_strategy.hpp:25[m[K,
[2.859s]                  from [01m[K/opt/ros/humble/include/rclcpp/rclcpp/memory_strategies.hpp:18[m[K,
[2.859s]                  from [01m[K/opt/ros/humble/include/rclcpp/rclcpp/executor_options.hpp:20[m[K,
[2.859s]                  from [01m[K/opt/ros/humble/include/rclcpp/rclcpp/executor.hpp:37[m[K,
[2.859s]                  from [01m[K/opt/ros/humble/include/rclcpp/rclcpp/executors/multi_threaded_executor.hpp:25[m[K,
[2.859s]                  from [01m[K/opt/ros/humble/include/rclcpp/rclcpp/executors.hpp:21[m[K,
[2.859s]                  from [01m[K/opt/ros/humble/include/rclcpp/rclcpp/rclcpp.hpp:155[m[K,
[2.859s]                  from [01m[K/opt/ros/humble/include/nav2_util/node_utils.hpp:20[m[K,
[2.860s]                  from [01m[K/home/umarv/ws/src/navigation2_tutorials/nav2_straightline_planner/src/straight_line_planner.cpp:44[m[K:
[2.860s] [01m[K/home/umarv/ws/src/navigation2_tutorials/nav2_straightline_planner/src/straight_line_planner.cpp:196:7:[m[K [01;31m[Kerror: [m[Kâ€˜[01m[Knode_[m[Kâ€™ was not declared in this scope; did you mean â€˜[01m[Kmode_t[m[Kâ€™?
[2.860s]   196 |       [01;31m[Knode_[m[K->get_logger(), "Planner will only except start position from %s frame",
[2.860s]       |       [01;31m[K^~~~~[m[K
[2.860s] [01m[K/home/umarv/ws/src/navigation2_tutorials/nav2_straightline_planner/src/straight_line_planner.cpp:195:5:[m[K [01;31m[Kerror: [m[Ktemplate argument 1 is invalid
[2.860s]   195 |     [01;31m[KRCLCPP_ERROR[m[K(
[2.860s]       |     [01;31m[K^~~~~~~~~~~~[m[K
[2.860s] [01m[K/home/umarv/ws/src/navigation2_tutorials/nav2_straightline_planner/src/straight_line_planner.cpp:195:5:[m[K [01;31m[Kerror: [m[Kâ€˜[01m[K<declaration error>[m[Kâ€™ is not a template [[01;31m[K-fpermissive[m[K]
[2.860s]   195 |     [01;31m[KRCLCPP_ERROR[m[K(
[2.860s]       |     [01;31m[K^~~~~~~~~~~~[m[K
[2.860s] [01m[K/home/umarv/ws/src/navigation2_tutorials/nav2_straightline_planner/src/straight_line_planner.cpp:195:5:[m[K [01;31m[Kerror: [m[Ktemplate argument 1 is invalid
[2.860s]   195 |     [01;31m[KRCLCPP_ERROR[m[K(
[2.860s]       |     [01;31m[K^~~~~~~~~~~~[m[K
[2.861s] [01m[K/home/umarv/ws/src/navigation2_tutorials/nav2_straightline_planner/src/straight_line_planner.cpp:195:5:[m[K [01;31m[Kerror: [m[Kâ€˜[01m[K<declaration error>[m[Kâ€™ is not a template [[01;31m[K-fpermissive[m[K]
[2.861s]   195 |     [01;31m[KRCLCPP_ERROR[m[K(
[2.861s]       |     [01;31m[K^~~~~~~~~~~~[m[K
[2.861s] [01m[K/home/umarv/ws/src/navigation2_tutorials/nav2_straightline_planner/src/straight_line_planner.cpp:195:5:[m[K [01;31m[Kerror: [m[Ktemplate argument 1 is invalid
[2.861s]   195 |     [01;31m[KRCLCPP_ERROR[m[K(
[2.861s]       |     [01;31m[K^~~~~~~~~~~~[m[K
[2.862s] [01m[K/home/umarv/ws/src/navigation2_tutorials/nav2_straightline_planner/src/straight_line_planner.cpp:201:31:[m[K [01;31m[Kerror: [m[Kâ€˜[01m[Kglobal_frame_[m[Kâ€™ was not declared in this scope; did you mean â€˜[01m[Kglobal_path[m[Kâ€™?
[2.863s]   201 |   if (goal.header.frame_id != [01;31m[Kglobal_frame_[m[K) {
[2.863s]       |                               [01;31m[K^~~~~~~~~~~~~[m[K
[2.863s]       |                               [32m[Kglobal_path[m[K
[2.865s] In file included from [01m[K/opt/ros/humble/include/rclcpp/rclcpp/client.hpp:40[m[K,
[2.865s]                  from [01m[K/opt/ros/humble/include/rclcpp/rclcpp/callback_group.hpp:24[m[K,
[2.866s]                  from [01m[K/opt/ros/humble/include/rclcpp/rclcpp/any_executable.hpp:20[m[K,
[2.866s]                  from [01m[K/opt/ros/humble/include/rclcpp/rclcpp/memory_strategy.hpp:25[m[K,
[2.866s]                  from [01m[K/opt/ros/humble/include/rclcpp/rclcpp/memory_strategies.hpp:18[m[K,
[2.866s]                  from [01m[K/opt/ros/humble/include/rclcpp/rclcpp/executor_options.hpp:20[m[K,
[2.866s]                  from [01m[K/opt/ros/humble/include/rclcpp/rclcpp/executor.hpp:37[m[K,
[2.866s]                  from [01m[K/opt/ros/humble/include/rclcpp/rclcpp/executors/multi_threaded_executor.hpp:25[m[K,
[2.866s]                  from [01m[K/opt/ros/humble/include/rclcpp/rclcpp/executors.hpp:21[m[K,
[2.866s]                  from [01m[K/opt/ros/humble/include/rclcpp/rclcpp/rclcpp.hpp:155[m[K,
[2.866s]                  from [01m[K/opt/ros/humble/include/nav2_util/node_utils.hpp:20[m[K,
[2.866s]                  from [01m[K/home/umarv/ws/src/navigation2_tutorials/nav2_straightline_planner/src/straight_line_planner.cpp:44[m[K:
[2.866s] [01m[K/home/umarv/ws/src/navigation2_tutorials/nav2_straightline_planner/src/straight_line_planner.cpp:203:7:[m[K [01;31m[Kerror: [m[Kâ€˜[01m[Knode_[m[Kâ€™ was not declared in this scope; did you mean â€˜[01m[Kmode_t[m[Kâ€™?
[2.866s]   203 |       [01;31m[Knode_[m[K->get_logger(), "Planner will only except goal position from %s frame",
[2.866s]       |       [01;31m[K^~~~~[m[K
[2.867s] [01m[K/home/umarv/ws/src/navigation2_tutorials/nav2_straightline_planner/src/straight_line_planner.cpp:202:5:[m[K [01;31m[Kerror: [m[Ktemplate argument 1 is invalid
[2.867s]   202 |     [01;31m[KRCLCPP_INFO[m[K(
[2.867s]       |     [01;31m[K^~~~~~~~~~~[m[K
[2.867s] [01m[K/home/umarv/ws/src/navigation2_tutorials/nav2_straightline_planner/src/straight_line_planner.cpp:202:5:[m[K [01;31m[Kerror: [m[Kâ€˜[01m[K<declaration error>[m[Kâ€™ is not a template [[01;31m[K-fpermissive[m[K]
[2.867s]   202 |     [01;31m[KRCLCPP_INFO[m[K(
[2.867s]       |     [01;31m[K^~~~~~~~~~~[m[K
[2.867s] [01m[K/home/umarv/ws/src/navigation2_tutorials/nav2_straightline_planner/src/straight_line_planner.cpp:202:5:[m[K [01;31m[Kerror: [m[Ktemplate argument 1 is invalid
[2.867s]   202 |     [01;31m[KRCLCPP_INFO[m[K(
[2.867s]       |     [01;31m[K^~~~~~~~~~~[m[K
[2.867s] [01m[K/home/umarv/ws/src/navigation2_tutorials/nav2_straightline_planner/src/straight_line_planner.cpp:202:5:[m[K [01;31m[Kerror: [m[Kâ€˜[01m[K<declaration error>[m[Kâ€™ is not a template [[01;31m[K-fpermissive[m[K]
[2.867s]   202 |     [01;31m[KRCLCPP_INFO[m[K(
[2.867s]       |     [01;31m[K^~~~~~~~~~~[m[K
[2.868s] [01m[K/home/umarv/ws/src/navigation2_tutorials/nav2_straightline_planner/src/straight_line_planner.cpp:202:5:[m[K [01;31m[Kerror: [m[Ktemplate argument 1 is invalid
[2.868s]   202 |     [01;31m[KRCLCPP_INFO[m[K(
[2.868s]       |     [01;31m[K^~~~~~~~~~~[m[K
[2.868s] [01m[K/home/umarv/ws/src/navigation2_tutorials/nav2_straightline_planner/src/straight_line_planner.cpp:209:30:[m[K [01;31m[Kerror: [m[Kâ€˜[01m[Knode_[m[Kâ€™ was not declared in this scope; did you mean â€˜[01m[Kmode_t[m[Kâ€™?
[2.869s]   209 |   global_path.header.stamp = [01;31m[Knode_[m[K->now();
[2.869s]       |                              [01;31m[K^~~~~[m[K
[2.869s]       |                              [32m[Kmode_t[m[K
[2.872s] [01m[K/home/umarv/ws/src/navigation2_tutorials/nav2_straightline_planner/src/straight_line_planner.cpp:210:33:[m[K [01;31m[Kerror: [m[Kâ€˜[01m[Kglobal_frame_[m[Kâ€™ was not declared in this scope; did you mean â€˜[01m[Kglobal_path[m[Kâ€™?
[2.872s]   210 |   global_path.header.frame_id = [01;31m[Kglobal_frame_[m[K;
[2.872s]       |                                 [01;31m[K^~~~~~~~~~~~~[m[K
[2.872s]       |                                 [32m[Kglobal_path[m[K
[2.878s] [01m[K/home/umarv/ws/src/navigation2_tutorials/nav2_straightline_planner/src/straight_line_planner.cpp:215:5:[m[K [01;31m[Kerror: [m[Kâ€˜[01m[Kinterpolation_resolution_[m[Kâ€™ was not declared in this scope
[2.878s]   215 |     [01;31m[Kinterpolation_resolution_[m[K;
[2.878s]       |     [01;31m[K^~~~~~~~~~~~~~~~~~~~~~~~~[m[K
[2.878s] [01m[K/home/umarv/ws/src/navigation2_tutorials/nav2_straightline_planner/src/straight_line_planner.cpp:[m[K At global scope:
[2.879s] [01m[K/home/umarv/ws/src/navigation2_tutorials/nav2_straightline_planner/src/straight_line_planner.cpp:241:1:[m[K [01;31m[Kerror: [m[Kexpected declaration before â€˜[01m[K}[m[Kâ€™ token
[2.879s]   241 | [01;31m[K}[m[K  // namespace nav2_straightline_planner
[2.879s]       | [01;31m[K^[m[K
[4.349s] [01m[K/home/umarv/ws/src/navigation2_tutorials/nav2_straightline_planner/src/straight_line_planner.cpp:[m[K In function â€˜[01m[Kbool nav2_straightline_planner::makePlan(const PoseStamped&, const PoseStamped&, std::vector<geometry_msgs::msg::PoseStamped_<std::allocator<void> >, std::allocator<geometry_msgs::msg::PoseStamped_<std::allocator<void> > > >&)[m[Kâ€™:
[4.349s] [01m[K/home/umarv/ws/src/navigation2_tutorials/nav2_straightline_planner/src/straight_line_planner.cpp:133:5:[m[K [01;35m[Kwarning: [m[Kcontrol reaches end of non-void function [[01;35m[K-Wreturn-type[m[K]
[4.349s]   133 |     [01;35m[K}[m[K
[4.349s]       |     [01;35m[K^[m[K
[4.378s] gmake[2]: *** [CMakeFiles/nav2_straightline_planner_plugin.dir/build.make:76: CMakeFiles/nav2_straightline_planner_plugin.dir/src/straight_line_planner.cpp.o] Error 1
[4.379s] gmake[1]: *** [CMakeFiles/Makefile2:137: CMakeFiles/nav2_straightline_planner_plugin.dir/all] Error 2
[4.379s] gmake: *** [Makefile:146: all] Error 2
[4.382s] Invoked command in '/home/umarv/ws/build/nav2_straightline_planner' returned '2': /usr/bin/cmake --build /home/umarv/ws/build/nav2_straightline_planner -- -j8 -l8
