[0.207s] Invoking command in '/home/umarv/ws/build/nav2_straightline_planner': /usr/bin/cmake --build /home/umarv/ws/build/nav2_straightline_planner -- -j8 -l8
[0.235s] [35m[1mConsolidate compiler generated dependencies of target nav2_straightline_planner_plugin[0m
[0.251s] [ 50%] [32mBuilding CXX object CMakeFiles/nav2_straightline_planner_plugin.dir/src/straight_line_planner.cpp.o[0m
[2.843s] [01m[K/home/umarv/ws/src/navigation2_tutorials/nav2_straightline_planner/src/straight_line_planner.cpp:[m[K In member function â€˜[01m[Kbool nav2_straightline_planner::StraightLine::makePlan(const PoseStamped&, const PoseStamped&, std::vector<geometry_msgs::msg::PoseStamped_<std::allocator<void> >, std::allocator<geometry_msgs::msg::PoseStamped_<std::allocator<void> > > >&)[m[Kâ€™:
[2.843s] [01m[K/home/umarv/ws/src/navigation2_tutorials/nav2_straightline_planner/src/straight_line_planner.cpp:152:5:[m[K [01;31m[Kerror: [m[Kâ€˜[01m[Krpastar[m[Kâ€™ was not declared in this scope
[2.843s]   152 |     [01;31m[Krpastar[m[K runner(first, last, costmap_);
[2.843s]       |     [01;31m[K^~~~~~~[m[K
[2.849s] [01m[K/home/umarv/ws/src/navigation2_tutorials/nav2_straightline_planner/src/straight_line_planner.cpp:153:5:[m[K [01;31m[Kerror: [m[Kâ€˜[01m[Krunner[m[Kâ€™ was not declared in this scope
[2.849s]   153 |     [01;31m[Krunner[m[K.search();
[2.849s]       |     [01;31m[K^~~~~~[m[K
[2.853s] [01m[K/home/umarv/ws/src/navigation2_tutorials/nav2_straightline_planner/src/straight_line_planner.cpp:[m[K At global scope:
[2.853s] [01m[K/home/umarv/ws/src/navigation2_tutorials/nav2_straightline_planner/src/straight_line_planner.cpp:165:139:[m[K [01;31m[Kerror: [m[Kâ€˜[01m[KPoseStamped[m[Kâ€™ is not a member of â€˜[01m[Kgeometry_msgs[m[Kâ€™; did you mean â€˜[01m[Kgeometry_msgs::msg::PoseStamped[m[Kâ€™?
[2.853s]   165 |  nav2_costmap_2d::Costmap2D* map, std::vector<std::pair<int,int>> &path, std::vector<geometry_msgs::[01;31m[KPoseStamped[m[K>& plan)
[2.853s]       |                                                                                                     [01;31m[K^~~~~~~~~~~[m[K
[2.853s] 
[2.853s] In file included from [01m[K/opt/ros/humble/include/geometry_msgs/geometry_msgs/msg/pose_stamped.hpp:7[m[K,
[2.853s]                  from [01m[K/home/umarv/ws/src/navigation2_tutorials/nav2_straightline_planner/include/nav2_straightline_planner/straight_line_planner.hpp:49[m[K,
[2.853s]                  from [01m[K/home/umarv/ws/src/navigation2_tutorials/nav2_straightline_planner/src/straight_line_planner.cpp:48[m[K:
[2.853s] [01m[K/opt/ros/humble/include/geometry_msgs/geometry_msgs/msg/detail/pose_stamped__struct.hpp:135:7:[m[K [01;36m[Knote: [m[Kâ€˜[01m[Kgeometry_msgs::msg::PoseStamped[m[Kâ€™ declared here
[2.853s]   135 | using [01;36m[KPoseStamped[m[K =
[2.853s]       |       [01;36m[K^~~~~~~~~~~[m[K
[2.853s] [01m[K/home/umarv/ws/src/navigation2_tutorials/nav2_straightline_planner/src/straight_line_planner.cpp:165:150:[m[K [01;31m[Kerror: [m[Ktemplate argument 1 is invalid
[2.853s]   165 | stmap_2d::Costmap2D* map, std::vector<std::pair<int,int>> &path, std::vector<geometry_msgs::PoseStamped[01;31m[K>[m[K& plan)
[2.853s]       |                                                                                                        [01;31m[K^[m[K
[2.854s] 
[2.854s] [01m[K/home/umarv/ws/src/navigation2_tutorials/nav2_straightline_planner/src/straight_line_planner.cpp:165:150:[m[K [01;31m[Kerror: [m[Ktemplate argument 2 is invalid
[2.854s] [01m[K/home/umarv/ws/src/navigation2_tutorials/nav2_straightline_planner/src/straight_line_planner.cpp:165:6:[m[K [01;31m[Kerror: [m[Kno declaration matches â€˜[01m[Kvoid nav2_straightline_planner::StraightLine::generate_path(const nav2_costmap_2d::Costmap2D*, std::vector<std::pair<int, int> >&, int&)[m[Kâ€™
[2.854s]   165 | void [01;31m[KStraightLine[m[K::generate_path(const nav2_costmap_2d::Costmap2D* map, std::vector<std::pair<int,int>> &path, std::vector<geometry_msgs::PoseStamped>& plan)
[2.854s]       |      [01;31m[K^~~~~~~~~~~~[m[K
[2.854s] In file included from [01m[K/home/umarv/ws/src/navigation2_tutorials/nav2_straightline_planner/src/straight_line_planner.cpp:48[m[K:
[2.854s] [01m[K/home/umarv/ws/src/navigation2_tutorials/nav2_straightline_planner/include/nav2_straightline_planner/straight_line_planner.hpp:86:6:[m[K [01;36m[Knote: [m[Kcandidate is: â€˜[01m[Kvoid nav2_straightline_planner::StraightLine::generate_path(const nav2_costmap_2d::Costmap2D*, std::vector<std::pair<int, int> >&, std::vector<geometry_msgs::msg::PoseStamped_<std::allocator<void> >, std::allocator<geometry_msgs::msg::PoseStamped_<std::allocator<void> > > >&)[m[Kâ€™
[2.854s]    86 | void [01;36m[Kgenerate_path[m[K(const nav2_costmap_2d::Costmap2D* map,
[2.854s]       |      [01;36m[K^~~~~~~~~~~~~[m[K
[2.854s] [01m[K/home/umarv/ws/src/navigation2_tutorials/nav2_straightline_planner/include/nav2_straightline_planner/straight_line_planner.hpp:60:7:[m[K [01;36m[Knote: [m[Kâ€˜[01m[Kclass nav2_straightline_planner::StraightLine[m[Kâ€™ defined here
[2.854s]    60 | class [01;36m[KStraightLine[m[K : public nav2_core::GlobalPlanner
[2.854s]       |       [01;36m[K^~~~~~~~~~~~[m[K
[2.854s] [01m[K/home/umarv/ws/src/navigation2_tutorials/nav2_straightline_planner/src/straight_line_planner.cpp:186:21:[m[K [01;31m[Kerror: [m[Kredefinition of â€˜[01m[Knav_msgs::msg::Path nav2_straightline_planner::StraightLine::createPlan(const PoseStamped&, const PoseStamped&)[m[Kâ€™
[2.855s]   186 | nav_msgs::msg::Path [01;31m[KStraightLine[m[K::createPlan(
[2.855s]       |                     [01;31m[K^~~~~~~~~~~~[m[K
[2.855s] [01m[K/home/umarv/ws/src/navigation2_tutorials/nav2_straightline_planner/src/straight_line_planner.cpp:92:21:[m[K [01;36m[Knote: [m[Kâ€˜[01m[Kvirtual nav_msgs::msg::Path nav2_straightline_planner::StraightLine::createPlan(const PoseStamped&, const PoseStamped&)[m[Kâ€™ previously defined here
[2.855s]    92 | nav_msgs::msg::Path [01;36m[KStraightLine[m[K::createPlan(
[2.855s]       |                     [01;36m[K^~~~~~~~~~~~[m[K
[4.012s] gmake[2]: *** [CMakeFiles/nav2_straightline_planner_plugin.dir/build.make:76: CMakeFiles/nav2_straightline_planner_plugin.dir/src/straight_line_planner.cpp.o] Error 1
[4.012s] gmake[1]: *** [CMakeFiles/Makefile2:137: CMakeFiles/nav2_straightline_planner_plugin.dir/all] Error 2
[4.013s] gmake: *** [Makefile:146: all] Error 2
[4.015s] Invoked command in '/home/umarv/ws/build/nav2_straightline_planner' returned '2': /usr/bin/cmake --build /home/umarv/ws/build/nav2_straightline_planner -- -j8 -l8
